{"/Users/maryiavelesiuk/Documents/RSScool_React/rsscool-react/src/themeContext.tsx": {"path":"/Users/maryiavelesiuk/Documents/RSScool_React/rsscool-react/src/themeContext.tsx","all":false,"statementMap":{"0":{"start":{"line":1,"column":0},"end":{"line":1,"column":63}},"13":{"start":{"line":14,"column":0},"end":{"line":14,"column":69}},"15":{"start":{"line":16,"column":0},"end":{"line":16,"column":79}},"16":{"start":{"line":17,"column":0},"end":{"line":17,"column":53}},"18":{"start":{"line":19,"column":0},"end":{"line":19,"column":10}},"19":{"start":{"line":20,"column":0},"end":{"line":20,"column":55}},"20":{"start":{"line":21,"column":0},"end":{"line":21,"column":16}},"21":{"start":{"line":22,"column":0},"end":{"line":22,"column":28}},"23":{"start":{"line":24,"column":0},"end":{"line":24,"column":2}},"24":{"start":{"line":25,"column":0},"end":{"line":25,"column":36}}},"s":{"0":1,"13":1,"15":1,"16":10,"18":10,"19":10,"20":10,"21":10,"23":10,"24":1},"branchMap":{"0":{"type":"branch","line":16,"loc":{"start":{"line":16,"column":60},"end":{"line":24,"column":2}},"locations":[{"start":{"line":16,"column":60},"end":{"line":24,"column":2}}]}},"b":{"0":[10]},"fnMap":{"0":{"name":"ThemeContextProvider","decl":{"start":{"line":16,"column":60},"end":{"line":24,"column":2}},"loc":{"start":{"line":16,"column":60},"end":{"line":24,"column":2}},"line":16}},"f":{"0":10}}
,"/Users/maryiavelesiuk/Documents/RSScool_React/rsscool-react/src/components/pages/ErrorPage/ErrorPage.test.tsx": {"path":"/Users/maryiavelesiuk/Documents/RSScool_React/rsscool-react/src/components/pages/ErrorPage/ErrorPage.test.tsx","all":false,"statementMap":{"0":{"start":{"line":1,"column":0},"end":{"line":1,"column":50}},"1":{"start":{"line":2,"column":0},"end":{"line":2,"column":30}},"2":{"start":{"line":3,"column":0},"end":{"line":3,"column":48}},"4":{"start":{"line":5,"column":0},"end":{"line":5,"column":20}},"16":{"start":{"line":17,"column":0},"end":{"line":17,"column":34}},"17":{"start":{"line":18,"column":0},"end":{"line":18,"column":38}},"18":{"start":{"line":19,"column":0},"end":{"line":19,"column":48}},"19":{"start":{"line":20,"column":0},"end":{"line":20,"column":55}},"20":{"start":{"line":21,"column":0},"end":{"line":21,"column":5}},"21":{"start":{"line":22,"column":0},"end":{"line":22,"column":51}},"22":{"start":{"line":23,"column":0},"end":{"line":23,"column":20}},"23":{"start":{"line":24,"column":0},"end":{"line":24,"column":48}},"24":{"start":{"line":25,"column":0},"end":{"line":25,"column":11}},"25":{"start":{"line":26,"column":0},"end":{"line":26,"column":59}},"26":{"start":{"line":27,"column":0},"end":{"line":27,"column":26}},"27":{"start":{"line":28,"column":0},"end":{"line":28,"column":5}},"28":{"start":{"line":29,"column":0},"end":{"line":29,"column":3}}},"s":{"0":1,"1":1,"2":1,"4":1,"16":1,"17":1,"18":1,"19":1,"20":1,"21":1,"22":1,"23":1,"24":1,"25":1,"26":1,"27":1,"28":1},"branchMap":{"0":{"type":"branch","line":17,"loc":{"start":{"line":17,"column":27},"end":{"line":29,"column":3}},"locations":[{"start":{"line":17,"column":27},"end":{"line":29,"column":3}}]},"1":{"type":"branch","line":18,"loc":{"start":{"line":18,"column":31},"end":{"line":21,"column":3}},"locations":[{"start":{"line":18,"column":31},"end":{"line":21,"column":3}}]},"2":{"type":"branch","line":22,"loc":{"start":{"line":22,"column":44},"end":{"line":28,"column":3}},"locations":[{"start":{"line":22,"column":44},"end":{"line":28,"column":3}}]}},"b":{"0":[1],"1":[1],"2":[1]},"fnMap":{},"f":{}}
,"/Users/maryiavelesiuk/Documents/RSScool_React/rsscool-react/src/components/pages/ErrorPage/ErrorPage.tsx": {"path":"/Users/maryiavelesiuk/Documents/RSScool_React/rsscool-react/src/components/pages/ErrorPage/ErrorPage.tsx","all":false,"statementMap":{"0":{"start":{"line":1,"column":0},"end":{"line":1,"column":71}},"1":{"start":{"line":2,"column":0},"end":{"line":2,"column":44}},"3":{"start":{"line":4,"column":0},"end":{"line":4,"column":32}},"4":{"start":{"line":5,"column":0},"end":{"line":5,"column":32}},"5":{"start":{"line":6,"column":0},"end":{"line":6,"column":23}},"7":{"start":{"line":8,"column":0},"end":{"line":8,"column":36}},"8":{"start":{"line":9,"column":0},"end":{"line":9,"column":31}},"9":{"start":{"line":10,"column":0},"end":{"line":10,"column":14}},"10":{"start":{"line":11,"column":0},"end":{"line":11,"column":40}},"11":{"start":{"line":12,"column":0},"end":{"line":12,"column":26}},"12":{"start":{"line":13,"column":0},"end":{"line":13,"column":41}},"13":{"start":{"line":14,"column":0},"end":{"line":14,"column":14}},"15":{"start":{"line":16,"column":0},"end":{"line":16,"column":5}},"17":{"start":{"line":18,"column":0},"end":{"line":18,"column":12}},"18":{"start":{"line":19,"column":0},"end":{"line":19,"column":38}},"19":{"start":{"line":20,"column":0},"end":{"line":20,"column":22}},"20":{"start":{"line":21,"column":0},"end":{"line":21,"column":55}},"21":{"start":{"line":22,"column":0},"end":{"line":22,"column":11}},"22":{"start":{"line":23,"column":0},"end":{"line":23,"column":35}},"23":{"start":{"line":24,"column":0},"end":{"line":24,"column":12}},"24":{"start":{"line":25,"column":0},"end":{"line":25,"column":12}},"26":{"start":{"line":27,"column":0},"end":{"line":27,"column":3}},"27":{"start":{"line":28,"column":0},"end":{"line":28,"column":2}}},"s":{"0":1,"1":1,"3":1,"4":2,"5":2,"7":2,"8":2,"9":1,"10":1,"11":1,"12":1,"13":1,"15":1,"17":1,"18":1,"19":1,"20":1,"21":1,"22":1,"23":1,"24":1,"26":1,"27":2},"branchMap":{"0":{"type":"branch","line":4,"loc":{"start":{"line":4,"column":25},"end":{"line":28,"column":2}},"locations":[{"start":{"line":4,"column":25},"end":{"line":28,"column":2}}]},"1":{"type":"branch","line":9,"loc":{"start":{"line":9,"column":30},"end":{"line":27,"column":3}},"locations":[{"start":{"line":9,"column":30},"end":{"line":27,"column":3}}]}},"b":{"0":[2],"1":[1]},"fnMap":{"0":{"name":"ErrorPage","decl":{"start":{"line":4,"column":25},"end":{"line":28,"column":2}},"loc":{"start":{"line":4,"column":25},"end":{"line":28,"column":2}},"line":4}},"f":{"0":2}}
,"/Users/maryiavelesiuk/Documents/RSScool_React/rsscool-react/src/components/pages/ErrorPage/index.ts": {"path":"/Users/maryiavelesiuk/Documents/RSScool_React/rsscool-react/src/components/pages/ErrorPage/index.ts","all":false,"statementMap":{"0":{"start":{"line":1,"column":0},"end":{"line":1,"column":40}}},"s":{"0":1},"branchMap":{},"b":{},"fnMap":{},"f":{}}
,"/Users/maryiavelesiuk/Documents/RSScool_React/rsscool-react/src/components/pages/MainPage/MainPage.test.tsx": {"path":"/Users/maryiavelesiuk/Documents/RSScool_React/rsscool-react/src/components/pages/MainPage/MainPage.test.tsx","all":false,"statementMap":{"0":{"start":{"line":1,"column":0},"end":{"line":1,"column":50}},"1":{"start":{"line":2,"column":0},"end":{"line":2,"column":29}},"2":{"start":{"line":3,"column":0},"end":{"line":3,"column":56}},"3":{"start":{"line":4,"column":0},"end":{"line":4,"column":57}},"4":{"start":{"line":5,"column":0},"end":{"line":5,"column":45}},"5":{"start":{"line":6,"column":0},"end":{"line":6,"column":39}},"14":{"start":{"line":15,"column":0},"end":{"line":15,"column":34}},"15":{"start":{"line":16,"column":0},"end":{"line":16,"column":45}},"16":{"start":{"line":17,"column":0},"end":{"line":17,"column":11}},"17":{"start":{"line":18,"column":0},"end":{"line":18,"column":28}},"18":{"start":{"line":19,"column":0},"end":{"line":19,"column":32}},"19":{"start":{"line":20,"column":0},"end":{"line":20,"column":22}},"20":{"start":{"line":21,"column":0},"end":{"line":21,"column":19}},"21":{"start":{"line":22,"column":0},"end":{"line":22,"column":29}},"22":{"start":{"line":23,"column":0},"end":{"line":23,"column":6}},"23":{"start":{"line":24,"column":0},"end":{"line":24,"column":59}},"24":{"start":{"line":25,"column":0},"end":{"line":25,"column":5}},"25":{"start":{"line":26,"column":0},"end":{"line":26,"column":3}}},"s":{"0":1,"1":1,"2":1,"3":1,"4":1,"5":1,"14":1,"15":1,"16":1,"17":1,"18":1,"19":1,"20":1,"21":1,"22":1,"23":1,"24":1,"25":1},"branchMap":{"0":{"type":"branch","line":15,"loc":{"start":{"line":15,"column":27},"end":{"line":26,"column":3}},"locations":[{"start":{"line":15,"column":27},"end":{"line":26,"column":3}}]},"1":{"type":"branch","line":16,"loc":{"start":{"line":16,"column":38},"end":{"line":25,"column":3}},"locations":[{"start":{"line":16,"column":38},"end":{"line":25,"column":3}}]}},"b":{"0":[1],"1":[1]},"fnMap":{},"f":{}}
,"/Users/maryiavelesiuk/Documents/RSScool_React/rsscool-react/src/components/pages/MainPage/MainPage.tsx": {"path":"/Users/maryiavelesiuk/Documents/RSScool_React/rsscool-react/src/components/pages/MainPage/MainPage.tsx","all":false,"statementMap":{"0":{"start":{"line":1,"column":0},"end":{"line":1,"column":58}},"8":{"start":{"line":9,"column":0},"end":{"line":9,"column":22}},"9":{"start":{"line":10,"column":0},"end":{"line":10,"column":43}},"10":{"start":{"line":11,"column":0},"end":{"line":11,"column":57}},"11":{"start":{"line":12,"column":0},"end":{"line":12,"column":45}},"12":{"start":{"line":13,"column":0},"end":{"line":13,"column":65}},"14":{"start":{"line":15,"column":0},"end":{"line":15,"column":38}},"15":{"start":{"line":16,"column":0},"end":{"line":16,"column":38}},"17":{"start":{"line":18,"column":0},"end":{"line":18,"column":31}},"18":{"start":{"line":19,"column":0},"end":{"line":19,"column":51}},"19":{"start":{"line":20,"column":0},"end":{"line":20,"column":37}},"20":{"start":{"line":21,"column":0},"end":{"line":21,"column":38}},"22":{"start":{"line":23,"column":0},"end":{"line":23,"column":58}},"23":{"start":{"line":24,"column":0},"end":{"line":24,"column":34}},"24":{"start":{"line":25,"column":0},"end":{"line":25,"column":4}},"26":{"start":{"line":27,"column":0},"end":{"line":27,"column":63}},"27":{"start":{"line":28,"column":0},"end":{"line":28,"column":23}},"28":{"start":{"line":29,"column":0},"end":{"line":29,"column":4}},"30":{"start":{"line":31,"column":0},"end":{"line":31,"column":10}},"31":{"start":{"line":32,"column":0},"end":{"line":32,"column":6}},"32":{"start":{"line":33,"column":0},"end":{"line":33,"column":16}},"33":{"start":{"line":34,"column":0},"end":{"line":34,"column":10}},"34":{"start":{"line":35,"column":0},"end":{"line":35,"column":90}},"35":{"start":{"line":36,"column":0},"end":{"line":36,"column":44}},"36":{"start":{"line":37,"column":0},"end":{"line":37,"column":39}},"37":{"start":{"line":38,"column":0},"end":{"line":38,"column":23}},"38":{"start":{"line":39,"column":0},"end":{"line":39,"column":16}},"40":{"start":{"line":41,"column":0},"end":{"line":41,"column":43}},"41":{"start":{"line":42,"column":0},"end":{"line":42,"column":16}},"42":{"start":{"line":43,"column":0},"end":{"line":43,"column":30}},"43":{"start":{"line":44,"column":0},"end":{"line":44,"column":31}},"44":{"start":{"line":45,"column":0},"end":{"line":45,"column":35}},"45":{"start":{"line":46,"column":0},"end":{"line":46,"column":12}},"46":{"start":{"line":47,"column":0},"end":{"line":47,"column":73}},"47":{"start":{"line":48,"column":0},"end":{"line":48,"column":22}},"48":{"start":{"line":49,"column":0},"end":{"line":49,"column":18}},"50":{"start":{"line":51,"column":0},"end":{"line":51,"column":23}},"51":{"start":{"line":52,"column":0},"end":{"line":52,"column":46}},"52":{"start":{"line":53,"column":0},"end":{"line":53,"column":27}},"53":{"start":{"line":54,"column":0},"end":{"line":54,"column":20}},"54":{"start":{"line":55,"column":0},"end":{"line":55,"column":24}},"55":{"start":{"line":56,"column":0},"end":{"line":56,"column":12}},"56":{"start":{"line":57,"column":0},"end":{"line":57,"column":16}},"57":{"start":{"line":58,"column":0},"end":{"line":58,"column":7}},"59":{"start":{"line":60,"column":0},"end":{"line":60,"column":2}}},"s":{"0":1,"8":1,"9":1,"10":1,"11":1,"12":1,"14":1,"15":1,"17":1,"18":1,"19":1,"20":1,"22":1,"23":0,"24":0,"26":1,"27":0,"28":0,"30":1,"31":1,"32":1,"33":1,"34":1,"35":1,"36":0,"37":0,"38":0,"40":1,"41":1,"42":1,"43":1,"44":1,"45":1,"46":1,"47":1,"48":1,"50":1,"51":1,"52":1,"53":1,"54":1,"55":1,"56":1,"57":1,"59":1},"branchMap":{"0":{"type":"branch","line":18,"loc":{"start":{"line":18,"column":24},"end":{"line":60,"column":2}},"locations":[{"start":{"line":18,"column":24},"end":{"line":60,"column":2}}]},"1":{"type":"branch","line":35,"loc":{"start":{"line":35,"column":67},"end":{"line":35,"column":86}},"locations":[{"start":{"line":35,"column":67},"end":{"line":35,"column":86}}]},"2":{"type":"branch","line":36,"loc":{"start":{"line":36,"column":30},"end":{"line":39,"column":16}},"locations":[{"start":{"line":36,"column":30},"end":{"line":39,"column":16}}]}},"b":{"0":[1],"1":[0],"2":[0]},"fnMap":{"0":{"name":"MainPage","decl":{"start":{"line":18,"column":24},"end":{"line":60,"column":2}},"loc":{"start":{"line":18,"column":24},"end":{"line":60,"column":2}},"line":18},"1":{"name":"onChange","decl":{"start":{"line":23,"column":19},"end":{"line":25,"column":4}},"loc":{"start":{"line":23,"column":19},"end":{"line":25,"column":4}},"line":23},"2":{"name":"onSearchClick","decl":{"start":{"line":27,"column":24},"end":{"line":29,"column":4}},"loc":{"start":{"line":27,"column":24},"end":{"line":29,"column":4}},"line":27}},"f":{"0":1,"1":0,"2":0}}
,"/Users/maryiavelesiuk/Documents/RSScool_React/rsscool-react/src/components/pages/MainPage/index.ts": {"path":"/Users/maryiavelesiuk/Documents/RSScool_React/rsscool-react/src/components/pages/MainPage/index.ts","all":false,"statementMap":{"0":{"start":{"line":1,"column":0},"end":{"line":1,"column":38}}},"s":{"0":1},"branchMap":{},"b":{},"fnMap":{},"f":{}}
,"/Users/maryiavelesiuk/Documents/RSScool_React/rsscool-react/src/components/shared/index.ts": {"path":"/Users/maryiavelesiuk/Documents/RSScool_React/rsscool-react/src/components/shared/index.ts","all":false,"statementMap":{"0":{"start":{"line":1,"column":0},"end":{"line":1,"column":48}}},"s":{"0":1},"branchMap":{},"b":{},"fnMap":{},"f":{}}
,"/Users/maryiavelesiuk/Documents/RSScool_React/rsscool-react/src/components/shared/Button/Button.test.tsx": {"path":"/Users/maryiavelesiuk/Documents/RSScool_React/rsscool-react/src/components/shared/Button/Button.test.tsx","all":false,"statementMap":{"0":{"start":{"line":1,"column":0},"end":{"line":1,"column":50}},"1":{"start":{"line":2,"column":0},"end":{"line":2,"column":27}},"2":{"start":{"line":3,"column":0},"end":{"line":3,"column":48}},"4":{"start":{"line":5,"column":0},"end":{"line":5,"column":28}},"5":{"start":{"line":6,"column":0},"end":{"line":6,"column":34}},"6":{"start":{"line":7,"column":0},"end":{"line":7,"column":45}},"7":{"start":{"line":8,"column":0},"end":{"line":8,"column":33}},"8":{"start":{"line":9,"column":0},"end":{"line":9,"column":67}},"9":{"start":{"line":10,"column":0},"end":{"line":10,"column":6}},"10":{"start":{"line":11,"column":0},"end":{"line":11,"column":52}},"11":{"start":{"line":12,"column":0},"end":{"line":12,"column":5}},"12":{"start":{"line":13,"column":0},"end":{"line":13,"column":3}}},"s":{"0":1,"1":1,"2":1,"4":1,"5":1,"6":1,"7":1,"8":1,"9":1,"10":1,"11":1,"12":1},"branchMap":{"0":{"type":"branch","line":6,"loc":{"start":{"line":6,"column":27},"end":{"line":13,"column":3}},"locations":[{"start":{"line":6,"column":27},"end":{"line":13,"column":3}}]},"1":{"type":"branch","line":7,"loc":{"start":{"line":7,"column":38},"end":{"line":12,"column":3}},"locations":[{"start":{"line":7,"column":38},"end":{"line":12,"column":3}}]}},"b":{"0":[1],"1":[1]},"fnMap":{},"f":{}}
,"/Users/maryiavelesiuk/Documents/RSScool_React/rsscool-react/src/components/shared/Button/Button.tsx": {"path":"/Users/maryiavelesiuk/Documents/RSScool_React/rsscool-react/src/components/shared/Button/Button.tsx","all":false,"statementMap":{"0":{"start":{"line":1,"column":0},"end":{"line":1,"column":46}},"1":{"start":{"line":2,"column":0},"end":{"line":2,"column":41}},"9":{"start":{"line":10,"column":0},"end":{"line":10,"column":69}},"10":{"start":{"line":11,"column":0},"end":{"line":11,"column":10}},"11":{"start":{"line":12,"column":0},"end":{"line":12,"column":11}},"12":{"start":{"line":13,"column":0},"end":{"line":13,"column":68}},"13":{"start":{"line":14,"column":0},"end":{"line":14,"column":24}},"14":{"start":{"line":15,"column":0},"end":{"line":15,"column":12}},"15":{"start":{"line":16,"column":0},"end":{"line":16,"column":13}},"17":{"start":{"line":18,"column":0},"end":{"line":18,"column":2}}},"s":{"0":1,"1":1,"9":1,"10":9,"11":9,"12":9,"13":9,"14":9,"15":9,"17":9},"branchMap":{"0":{"type":"branch","line":10,"loc":{"start":{"line":10,"column":39},"end":{"line":18,"column":2}},"locations":[{"start":{"line":10,"column":39},"end":{"line":18,"column":2}}]},"1":{"type":"branch","line":13,"loc":{"start":{"line":13,"column":45},"end":{"line":13,"column":68}},"locations":[{"start":{"line":13,"column":45},"end":{"line":13,"column":68}}]}},"b":{"0":[9],"1":[0]},"fnMap":{"0":{"name":"Button","decl":{"start":{"line":10,"column":39},"end":{"line":18,"column":2}},"loc":{"start":{"line":10,"column":39},"end":{"line":18,"column":2}},"line":10}},"f":{"0":9}}
,"/Users/maryiavelesiuk/Documents/RSScool_React/rsscool-react/src/components/shared/Button/index.ts": {"path":"/Users/maryiavelesiuk/Documents/RSScool_React/rsscool-react/src/components/shared/Button/index.ts","all":false,"statementMap":{"0":{"start":{"line":1,"column":0},"end":{"line":1,"column":34}}},"s":{"0":1},"branchMap":{},"b":{},"fnMap":{},"f":{}}
,"/Users/maryiavelesiuk/Documents/RSScool_React/rsscool-react/src/components/shared/DownloadCSV/DownloadCSV.test.tsx": {"path":"/Users/maryiavelesiuk/Documents/RSScool_React/rsscool-react/src/components/shared/DownloadCSV/DownloadCSV.test.tsx","all":false,"statementMap":{"0":{"start":{"line":1,"column":0},"end":{"line":1,"column":46}},"1":{"start":{"line":2,"column":0},"end":{"line":2,"column":33}},"2":{"start":{"line":3,"column":0},"end":{"line":3,"column":59}},"4":{"start":{"line":5,"column":0},"end":{"line":5,"column":39}},"5":{"start":{"line":6,"column":0},"end":{"line":6,"column":45}},"6":{"start":{"line":7,"column":0},"end":{"line":7,"column":76}},"7":{"start":{"line":8,"column":0},"end":{"line":8,"column":54}},"8":{"start":{"line":9,"column":0},"end":{"line":9,"column":5}},"9":{"start":{"line":10,"column":0},"end":{"line":10,"column":45}},"10":{"start":{"line":11,"column":0},"end":{"line":11,"column":76}},"11":{"start":{"line":12,"column":0},"end":{"line":12,"column":38}},"12":{"start":{"line":13,"column":0},"end":{"line":13,"column":36}},"13":{"start":{"line":14,"column":0},"end":{"line":14,"column":5}},"14":{"start":{"line":15,"column":0},"end":{"line":15,"column":3}}},"s":{"0":1,"1":1,"2":1,"4":1,"5":1,"6":1,"7":1,"8":1,"9":1,"10":1,"11":1,"12":1,"13":1,"14":1},"branchMap":{"0":{"type":"branch","line":5,"loc":{"start":{"line":5,"column":32},"end":{"line":15,"column":3}},"locations":[{"start":{"line":5,"column":32},"end":{"line":15,"column":3}}]},"1":{"type":"branch","line":6,"loc":{"start":{"line":6,"column":38},"end":{"line":9,"column":3}},"locations":[{"start":{"line":6,"column":38},"end":{"line":9,"column":3}}]},"2":{"type":"branch","line":10,"loc":{"start":{"line":10,"column":38},"end":{"line":14,"column":3}},"locations":[{"start":{"line":10,"column":38},"end":{"line":14,"column":3}}]}},"b":{"0":[1],"1":[1],"2":[1]},"fnMap":{},"f":{}}
,"/Users/maryiavelesiuk/Documents/RSScool_React/rsscool-react/src/components/shared/DownloadCSV/DownloadCSV.tsx": {"path":"/Users/maryiavelesiuk/Documents/RSScool_React/rsscool-react/src/components/shared/DownloadCSV/DownloadCSV.tsx","all":false,"statementMap":{"0":{"start":{"line":1,"column":0},"end":{"line":1,"column":27}},"2":{"start":{"line":3,"column":0},"end":{"line":3,"column":35}},"9":{"start":{"line":10,"column":0},"end":{"line":10,"column":74}},"10":{"start":{"line":11,"column":0},"end":{"line":11,"column":48}},"11":{"start":{"line":12,"column":0},"end":{"line":12,"column":17}},"12":{"start":{"line":13,"column":0},"end":{"line":13,"column":69}},"13":{"start":{"line":14,"column":0},"end":{"line":14,"column":17}},"15":{"start":{"line":16,"column":0},"end":{"line":16,"column":44}},"16":{"start":{"line":17,"column":0},"end":{"line":17,"column":20}},"17":{"start":{"line":18,"column":0},"end":{"line":18,"column":37}},"18":{"start":{"line":19,"column":0},"end":{"line":19,"column":37}},"20":{"start":{"line":21,"column":0},"end":{"line":21,"column":32}},"21":{"start":{"line":22,"column":0},"end":{"line":22,"column":7}},"22":{"start":{"line":23,"column":0},"end":{"line":23,"column":27}},"23":{"start":{"line":24,"column":0},"end":{"line":24,"column":5}},"24":{"start":{"line":25,"column":0},"end":{"line":25,"column":15}},"25":{"start":{"line":26,"column":0},"end":{"line":26,"column":4}},"27":{"start":{"line":28,"column":0},"end":{"line":28,"column":29}},"28":{"start":{"line":29,"column":0},"end":{"line":29,"column":73}},"29":{"start":{"line":30,"column":0},"end":{"line":30,"column":48}},"30":{"start":{"line":31,"column":0},"end":{"line":31,"column":45}},"31":{"start":{"line":32,"column":0},"end":{"line":32,"column":23}},"32":{"start":{"line":33,"column":0},"end":{"line":33,"column":38}},"33":{"start":{"line":34,"column":0},"end":{"line":34,"column":36}},"34":{"start":{"line":35,"column":0},"end":{"line":35,"column":17}},"35":{"start":{"line":36,"column":0},"end":{"line":36,"column":36}},"36":{"start":{"line":37,"column":0},"end":{"line":37,"column":4}},"38":{"start":{"line":39,"column":0},"end":{"line":39,"column":73}},"39":{"start":{"line":40,"column":0},"end":{"line":40,"column":2}}},"s":{"0":1,"2":1,"9":1,"10":4,"11":0,"12":0,"13":0,"15":0,"16":0,"17":0,"18":0,"20":0,"21":0,"22":0,"23":0,"24":0,"25":0,"27":4,"28":0,"29":0,"30":0,"31":0,"32":0,"33":0,"34":0,"35":0,"36":0,"38":4,"39":4},"branchMap":{"0":{"type":"branch","line":10,"loc":{"start":{"line":10,"column":49},"end":{"line":40,"column":2}},"locations":[{"start":{"line":10,"column":49},"end":{"line":40,"column":2}}]}},"b":{"0":[4]},"fnMap":{"0":{"name":"DownloadCSV","decl":{"start":{"line":10,"column":49},"end":{"line":40,"column":2}},"loc":{"start":{"line":10,"column":49},"end":{"line":40,"column":2}},"line":10},"1":{"name":"convertToCSV","decl":{"start":{"line":11,"column":23},"end":{"line":26,"column":4}},"loc":{"start":{"line":11,"column":23},"end":{"line":26,"column":4}},"line":11},"2":{"name":"downloadCSV","decl":{"start":{"line":28,"column":22},"end":{"line":37,"column":4}},"loc":{"start":{"line":28,"column":22},"end":{"line":37,"column":4}},"line":28}},"f":{"0":4,"1":0,"2":0}}
,"/Users/maryiavelesiuk/Documents/RSScool_React/rsscool-react/src/components/shared/DownloadCSV/index.ts": {"path":"/Users/maryiavelesiuk/Documents/RSScool_React/rsscool-react/src/components/shared/DownloadCSV/index.ts","all":false,"statementMap":{"0":{"start":{"line":1,"column":0},"end":{"line":1,"column":44}}},"s":{"0":1},"branchMap":{},"b":{},"fnMap":{},"f":{}}
,"/Users/maryiavelesiuk/Documents/RSScool_React/rsscool-react/src/components/shared/ErrorBoundary/ErrorBoundary.tsx": {"path":"/Users/maryiavelesiuk/Documents/RSScool_React/rsscool-react/src/components/shared/ErrorBoundary/ErrorBoundary.tsx","all":false,"statementMap":{"0":{"start":{"line":1,"column":0},"end":{"line":1,"column":45}},"1":{"start":{"line":2,"column":0},"end":{"line":2,"column":47}},"11":{"start":{"line":12,"column":0},"end":{"line":12,"column":45}},"14":{"start":{"line":15,"column":0},"end":{"line":15,"column":3}},"15":{"start":{"line":16,"column":0},"end":{"line":16,"column":42}},"16":{"start":{"line":17,"column":0},"end":{"line":17,"column":17}},"17":{"start":{"line":18,"column":0},"end":{"line":18,"column":18}},"18":{"start":{"line":19,"column":0},"end":{"line":19,"column":19}},"19":{"start":{"line":20,"column":0},"end":{"line":20,"column":6}},"20":{"start":{"line":21,"column":0},"end":{"line":21,"column":3}},"22":{"start":{"line":23,"column":0},"end":{"line":23,"column":35}},"23":{"start":{"line":24,"column":0},"end":{"line":24,"column":23}},"24":{"start":{"line":25,"column":0},"end":{"line":25,"column":35}},"25":{"start":{"line":26,"column":0},"end":{"line":26,"column":3}},"27":{"start":{"line":28,"column":0},"end":{"line":28,"column":12}},"28":{"start":{"line":29,"column":0},"end":{"line":29,"column":27}},"29":{"start":{"line":30,"column":0},"end":{"line":30,"column":30}},"30":{"start":{"line":31,"column":0},"end":{"line":31,"column":5}},"31":{"start":{"line":32,"column":0},"end":{"line":32,"column":31}},"32":{"start":{"line":33,"column":0},"end":{"line":33,"column":3}},"33":{"start":{"line":34,"column":0},"end":{"line":34,"column":1}}},"s":{"0":1,"1":1,"11":1,"14":1,"15":1,"16":1,"17":1,"18":1,"19":1,"20":1,"22":1,"23":0,"24":0,"25":0,"27":1,"28":1,"29":0,"30":0,"31":1,"32":1,"33":1},"branchMap":{"0":{"type":"branch","line":16,"loc":{"start":{"line":16,"column":2},"end":{"line":21,"column":3}},"locations":[{"start":{"line":16,"column":2},"end":{"line":21,"column":3}}]},"1":{"type":"branch","line":28,"loc":{"start":{"line":28,"column":2},"end":{"line":33,"column":3}},"locations":[{"start":{"line":28,"column":2},"end":{"line":33,"column":3}}]},"2":{"type":"branch","line":29,"loc":{"start":{"line":29,"column":26},"end":{"line":31,"column":5}},"locations":[{"start":{"line":29,"column":26},"end":{"line":31,"column":5}}]}},"b":{"0":[1],"1":[1],"2":[0]},"fnMap":{"0":{"name":"ErrorBoundary","decl":{"start":{"line":16,"column":2},"end":{"line":21,"column":3}},"loc":{"start":{"line":16,"column":2},"end":{"line":21,"column":3}},"line":16},"1":{"name":"componentDidCatch","decl":{"start":{"line":23,"column":2},"end":{"line":26,"column":3}},"loc":{"start":{"line":23,"column":2},"end":{"line":26,"column":3}},"line":23},"2":{"name":"render","decl":{"start":{"line":28,"column":2},"end":{"line":33,"column":3}},"loc":{"start":{"line":28,"column":2},"end":{"line":33,"column":3}},"line":28}},"f":{"0":1,"1":0,"2":1}}
,"/Users/maryiavelesiuk/Documents/RSScool_React/rsscool-react/src/components/shared/ErrorBoundary/index.ts": {"path":"/Users/maryiavelesiuk/Documents/RSScool_React/rsscool-react/src/components/shared/ErrorBoundary/index.ts","all":false,"statementMap":{"0":{"start":{"line":1,"column":0},"end":{"line":1,"column":48}}},"s":{"0":1},"branchMap":{},"b":{},"fnMap":{},"f":{}}
,"/Users/maryiavelesiuk/Documents/RSScool_React/rsscool-react/src/components/shared/ErrorMessage/ErrorMessage.test.tsx": {"path":"/Users/maryiavelesiuk/Documents/RSScool_React/rsscool-react/src/components/shared/ErrorMessage/ErrorMessage.test.tsx","all":false,"statementMap":{"0":{"start":{"line":1,"column":0},"end":{"line":1,"column":46}},"1":{"start":{"line":2,"column":0},"end":{"line":2,"column":33}},"2":{"start":{"line":3,"column":0},"end":{"line":3,"column":48}},"4":{"start":{"line":5,"column":0},"end":{"line":5,"column":40}},"5":{"start":{"line":6,"column":0},"end":{"line":6,"column":24}},"6":{"start":{"line":7,"column":0},"end":{"line":7,"column":44}},"7":{"start":{"line":8,"column":0},"end":{"line":8,"column":37}},"8":{"start":{"line":9,"column":0},"end":{"line":9,"column":5}},"9":{"start":{"line":10,"column":0},"end":{"line":10,"column":3}}},"s":{"0":1,"1":1,"2":1,"4":1,"5":1,"6":1,"7":1,"8":1,"9":1},"branchMap":{"0":{"type":"branch","line":5,"loc":{"start":{"line":5,"column":33},"end":{"line":10,"column":3}},"locations":[{"start":{"line":5,"column":33},"end":{"line":10,"column":3}}]},"1":{"type":"branch","line":6,"loc":{"start":{"line":6,"column":17},"end":{"line":9,"column":3}},"locations":[{"start":{"line":6,"column":17},"end":{"line":9,"column":3}}]}},"b":{"0":[1],"1":[1]},"fnMap":{},"f":{}}
,"/Users/maryiavelesiuk/Documents/RSScool_React/rsscool-react/src/components/shared/ErrorMessage/ErrorMessage.tsx": {"path":"/Users/maryiavelesiuk/Documents/RSScool_React/rsscool-react/src/components/shared/ErrorMessage/ErrorMessage.tsx","all":false,"statementMap":{"0":{"start":{"line":1,"column":0},"end":{"line":1,"column":44}},"1":{"start":{"line":2,"column":0},"end":{"line":2,"column":28}},"3":{"start":{"line":4,"column":0},"end":{"line":4,"column":35}},"4":{"start":{"line":5,"column":0},"end":{"line":5,"column":10}},"5":{"start":{"line":6,"column":0},"end":{"line":6,"column":62}},"6":{"start":{"line":7,"column":0},"end":{"line":7,"column":34}},"7":{"start":{"line":8,"column":0},"end":{"line":8,"column":53}},"8":{"start":{"line":9,"column":0},"end":{"line":9,"column":10}},"10":{"start":{"line":11,"column":0},"end":{"line":11,"column":2}}},"s":{"0":1,"1":1,"3":1,"4":1,"5":1,"6":1,"7":1,"8":1,"10":1},"branchMap":{"0":{"type":"branch","line":4,"loc":{"start":{"line":4,"column":28},"end":{"line":11,"column":2}},"locations":[{"start":{"line":4,"column":28},"end":{"line":11,"column":2}}]}},"b":{"0":[1]},"fnMap":{"0":{"name":"ErrorMessage","decl":{"start":{"line":4,"column":28},"end":{"line":11,"column":2}},"loc":{"start":{"line":4,"column":28},"end":{"line":11,"column":2}},"line":4}},"f":{"0":1}}
,"/Users/maryiavelesiuk/Documents/RSScool_React/rsscool-react/src/components/shared/ErrorMessage/index.ts": {"path":"/Users/maryiavelesiuk/Documents/RSScool_React/rsscool-react/src/components/shared/ErrorMessage/index.ts","all":false,"statementMap":{"0":{"start":{"line":1,"column":0},"end":{"line":1,"column":46}}},"s":{"0":1},"branchMap":{},"b":{},"fnMap":{},"f":{}}
,"/Users/maryiavelesiuk/Documents/RSScool_React/rsscool-react/src/components/shared/Input/Input.test.tsx": {"path":"/Users/maryiavelesiuk/Documents/RSScool_React/rsscool-react/src/components/shared/Input/Input.test.tsx","all":false,"statementMap":{"0":{"start":{"line":1,"column":0},"end":{"line":1,"column":50}},"1":{"start":{"line":2,"column":0},"end":{"line":2,"column":26}},"2":{"start":{"line":3,"column":0},"end":{"line":3,"column":56}},"3":{"start":{"line":4,"column":0},"end":{"line":4,"column":75}},"5":{"start":{"line":6,"column":0},"end":{"line":6,"column":29}},"6":{"start":{"line":7,"column":0},"end":{"line":7,"column":25}},"7":{"start":{"line":8,"column":0},"end":{"line":8,"column":33}},"8":{"start":{"line":9,"column":0},"end":{"line":9,"column":41}},"9":{"start":{"line":10,"column":0},"end":{"line":10,"column":11}},"10":{"start":{"line":11,"column":0},"end":{"line":11,"column":28}},"11":{"start":{"line":12,"column":0},"end":{"line":12,"column":76}},"12":{"start":{"line":13,"column":0},"end":{"line":13,"column":29}},"13":{"start":{"line":14,"column":0},"end":{"line":14,"column":6}},"14":{"start":{"line":15,"column":0},"end":{"line":15,"column":75}},"15":{"start":{"line":16,"column":0},"end":{"line":16,"column":5}},"16":{"start":{"line":17,"column":0},"end":{"line":17,"column":48}},"17":{"start":{"line":18,"column":0},"end":{"line":18,"column":11}},"18":{"start":{"line":19,"column":0},"end":{"line":19,"column":65}},"19":{"start":{"line":20,"column":0},"end":{"line":20,"column":76}},"20":{"start":{"line":21,"column":0},"end":{"line":21,"column":30}},"21":{"start":{"line":22,"column":0},"end":{"line":22,"column":6}},"22":{"start":{"line":23,"column":0},"end":{"line":23,"column":68}},"23":{"start":{"line":24,"column":0},"end":{"line":24,"column":34}},"24":{"start":{"line":25,"column":0},"end":{"line":25,"column":7}},"25":{"start":{"line":26,"column":0},"end":{"line":26,"column":5}},"26":{"start":{"line":27,"column":0},"end":{"line":27,"column":3}}},"s":{"0":1,"1":1,"2":1,"3":1,"5":1,"6":1,"7":1,"8":1,"9":1,"10":1,"11":1,"12":1,"13":1,"14":1,"15":1,"16":1,"17":1,"18":1,"19":1,"20":1,"21":1,"22":1,"23":1,"24":1,"25":1,"26":1},"branchMap":{"0":{"type":"branch","line":8,"loc":{"start":{"line":8,"column":26},"end":{"line":27,"column":3}},"locations":[{"start":{"line":8,"column":26},"end":{"line":27,"column":3}}]},"1":{"type":"branch","line":9,"loc":{"start":{"line":9,"column":34},"end":{"line":16,"column":3}},"locations":[{"start":{"line":9,"column":34},"end":{"line":16,"column":3}}]},"2":{"type":"branch","line":17,"loc":{"start":{"line":17,"column":41},"end":{"line":26,"column":3}},"locations":[{"start":{"line":17,"column":41},"end":{"line":26,"column":3}}]}},"b":{"0":[1],"1":[1],"2":[1]},"fnMap":{},"f":{}}
,"/Users/maryiavelesiuk/Documents/RSScool_React/rsscool-react/src/components/shared/Input/Input.tsx": {"path":"/Users/maryiavelesiuk/Documents/RSScool_React/rsscool-react/src/components/shared/Input/Input.tsx","all":false,"statementMap":{"0":{"start":{"line":1,"column":0},"end":{"line":1,"column":40}},"1":{"start":{"line":2,"column":0},"end":{"line":2,"column":40}},"2":{"start":{"line":3,"column":0},"end":{"line":3,"column":65}},"10":{"start":{"line":11,"column":0},"end":{"line":11,"column":76}},"11":{"start":{"line":12,"column":0},"end":{"line":12,"column":38}},"13":{"start":{"line":14,"column":0},"end":{"line":14,"column":10}},"14":{"start":{"line":15,"column":0},"end":{"line":15,"column":10}},"15":{"start":{"line":16,"column":0},"end":{"line":16,"column":70}},"16":{"start":{"line":17,"column":0},"end":{"line":17,"column":31}},"17":{"start":{"line":18,"column":0},"end":{"line":18,"column":19}},"18":{"start":{"line":19,"column":0},"end":{"line":19,"column":25}},"19":{"start":{"line":20,"column":0},"end":{"line":20,"column":6}},"21":{"start":{"line":22,"column":0},"end":{"line":22,"column":2}}},"s":{"0":1,"1":1,"2":1,"10":1,"11":3,"13":3,"14":3,"15":3,"16":3,"17":3,"18":3,"19":3,"21":3},"branchMap":{"0":{"type":"branch","line":11,"loc":{"start":{"line":11,"column":37},"end":{"line":22,"column":2}},"locations":[{"start":{"line":11,"column":37},"end":{"line":22,"column":2}}]},"1":{"type":"branch","line":16,"loc":{"start":{"line":16,"column":46},"end":{"line":16,"column":67}},"locations":[{"start":{"line":16,"column":46},"end":{"line":16,"column":67}}]}},"b":{"0":[3],"1":[1]},"fnMap":{"0":{"name":"Input","decl":{"start":{"line":11,"column":37},"end":{"line":22,"column":2}},"loc":{"start":{"line":11,"column":37},"end":{"line":22,"column":2}},"line":11}},"f":{"0":3}}
,"/Users/maryiavelesiuk/Documents/RSScool_React/rsscool-react/src/components/shared/Input/index.ts": {"path":"/Users/maryiavelesiuk/Documents/RSScool_React/rsscool-react/src/components/shared/Input/index.ts","all":false,"statementMap":{"0":{"start":{"line":1,"column":0},"end":{"line":1,"column":32}}},"s":{"0":1},"branchMap":{},"b":{},"fnMap":{},"f":{}}
,"/Users/maryiavelesiuk/Documents/RSScool_React/rsscool-react/src/components/shared/Modal/Modal.test.tsx": {"path":"/Users/maryiavelesiuk/Documents/RSScool_React/rsscool-react/src/components/shared/Modal/Modal.test.tsx","all":false,"statementMap":{"0":{"start":{"line":1,"column":0},"end":{"line":1,"column":50}},"1":{"start":{"line":2,"column":0},"end":{"line":2,"column":28}},"2":{"start":{"line":3,"column":0},"end":{"line":3,"column":56}},"3":{"start":{"line":4,"column":0},"end":{"line":4,"column":39}},"4":{"start":{"line":5,"column":0},"end":{"line":5,"column":45}},"6":{"start":{"line":7,"column":0},"end":{"line":7,"column":28}},"7":{"start":{"line":8,"column":0},"end":{"line":8,"column":33}},"8":{"start":{"line":9,"column":0},"end":{"line":9,"column":35}},"9":{"start":{"line":10,"column":0},"end":{"line":10,"column":11}},"10":{"start":{"line":11,"column":0},"end":{"line":11,"column":30}},"11":{"start":{"line":12,"column":0},"end":{"line":12,"column":39}},"12":{"start":{"line":13,"column":0},"end":{"line":13,"column":17}},"13":{"start":{"line":14,"column":0},"end":{"line":14,"column":6}},"14":{"start":{"line":15,"column":0},"end":{"line":15,"column":60}},"15":{"start":{"line":16,"column":0},"end":{"line":16,"column":5}},"16":{"start":{"line":17,"column":0},"end":{"line":17,"column":3}}},"s":{"0":1,"1":1,"2":1,"3":1,"4":1,"6":1,"7":1,"8":1,"9":1,"10":1,"11":1,"12":1,"13":1,"14":1,"15":1,"16":1},"branchMap":{"0":{"type":"branch","line":8,"loc":{"start":{"line":8,"column":26},"end":{"line":17,"column":3}},"locations":[{"start":{"line":8,"column":26},"end":{"line":17,"column":3}}]},"1":{"type":"branch","line":9,"loc":{"start":{"line":9,"column":28},"end":{"line":16,"column":3}},"locations":[{"start":{"line":9,"column":28},"end":{"line":16,"column":3}}]}},"b":{"0":[1],"1":[1]},"fnMap":{},"f":{}}
,"/Users/maryiavelesiuk/Documents/RSScool_React/rsscool-react/src/components/shared/Modal/Modal.tsx": {"path":"/Users/maryiavelesiuk/Documents/RSScool_React/rsscool-react/src/components/shared/Modal/Modal.tsx","all":false,"statementMap":{"0":{"start":{"line":1,"column":0},"end":{"line":1,"column":27}},"1":{"start":{"line":2,"column":0},"end":{"line":2,"column":40}},"2":{"start":{"line":3,"column":0},"end":{"line":3,"column":41}},"3":{"start":{"line":4,"column":0},"end":{"line":4,"column":70}},"4":{"start":{"line":5,"column":0},"end":{"line":5,"column":68}},"10":{"start":{"line":11,"column":0},"end":{"line":11,"column":55}},"11":{"start":{"line":12,"column":0},"end":{"line":12,"column":36}},"12":{"start":{"line":13,"column":0},"end":{"line":13,"column":54}},"13":{"start":{"line":14,"column":0},"end":{"line":14,"column":36}},"14":{"start":{"line":15,"column":0},"end":{"line":15,"column":4}},"15":{"start":{"line":16,"column":0},"end":{"line":16,"column":35}},"17":{"start":{"line":18,"column":0},"end":{"line":18,"column":35}},"18":{"start":{"line":19,"column":0},"end":{"line":19,"column":28}},"19":{"start":{"line":20,"column":0},"end":{"line":20,"column":4}},"21":{"start":{"line":22,"column":0},"end":{"line":22,"column":10}},"22":{"start":{"line":23,"column":0},"end":{"line":23,"column":56}},"23":{"start":{"line":24,"column":0},"end":{"line":24,"column":38}},"24":{"start":{"line":25,"column":0},"end":{"line":25,"column":11}},"25":{"start":{"line":26,"column":0},"end":{"line":26,"column":66}},"26":{"start":{"line":27,"column":0},"end":{"line":27,"column":12}},"27":{"start":{"line":28,"column":0},"end":{"line":28,"column":43}},"28":{"start":{"line":29,"column":0},"end":{"line":29,"column":17}},"29":{"start":{"line":30,"column":0},"end":{"line":30,"column":26}},"30":{"start":{"line":31,"column":0},"end":{"line":31,"column":39}},"31":{"start":{"line":32,"column":0},"end":{"line":32,"column":31}},"32":{"start":{"line":33,"column":0},"end":{"line":33,"column":12}},"33":{"start":{"line":34,"column":0},"end":{"line":34,"column":22}},"34":{"start":{"line":35,"column":0},"end":{"line":35,"column":30}},"35":{"start":{"line":36,"column":0},"end":{"line":36,"column":71}},"36":{"start":{"line":37,"column":0},"end":{"line":37,"column":12}},"37":{"start":{"line":38,"column":0},"end":{"line":38,"column":14}},"38":{"start":{"line":39,"column":0},"end":{"line":39,"column":12}},"39":{"start":{"line":40,"column":0},"end":{"line":40,"column":80}},"41":{"start":{"line":42,"column":0},"end":{"line":42,"column":15}},"42":{"start":{"line":43,"column":0},"end":{"line":43,"column":10}},"44":{"start":{"line":45,"column":0},"end":{"line":45,"column":2}}},"s":{"0":1,"1":1,"2":1,"3":1,"4":1,"10":1,"11":2,"12":2,"13":2,"14":2,"15":2,"17":2,"18":0,"19":0,"21":2,"22":2,"23":2,"24":2,"25":2,"26":2,"27":2,"28":2,"29":2,"30":2,"31":2,"32":2,"33":2,"34":2,"35":2,"36":2,"37":2,"38":2,"39":2,"41":2,"42":2,"44":2},"branchMap":{"0":{"type":"branch","line":11,"loc":{"start":{"line":11,"column":37},"end":{"line":45,"column":2}},"locations":[{"start":{"line":11,"column":37},"end":{"line":45,"column":2}}]},"1":{"type":"branch","line":26,"loc":{"start":{"line":26,"column":29},"end":{"line":26,"column":45}},"locations":[{"start":{"line":26,"column":29},"end":{"line":26,"column":45}}]},"2":{"type":"branch","line":36,"loc":{"start":{"line":36,"column":44},"end":{"line":36,"column":59}},"locations":[{"start":{"line":36,"column":44},"end":{"line":36,"column":59}}]},"3":{"type":"branch","line":14,"loc":{"start":{"line":14,"column":4},"end":{"line":14,"column":36}},"locations":[{"start":{"line":14,"column":4},"end":{"line":14,"column":36}}]}},"b":{"0":[2],"1":[0],"2":[0],"3":[4]},"fnMap":{"0":{"name":"Modal","decl":{"start":{"line":11,"column":37},"end":{"line":45,"column":2}},"loc":{"start":{"line":11,"column":37},"end":{"line":45,"column":2}},"line":11},"1":{"name":"handleUnselectAll","decl":{"start":{"line":18,"column":28},"end":{"line":20,"column":4}},"loc":{"start":{"line":18,"column":28},"end":{"line":20,"column":4}},"line":18}},"f":{"0":2,"1":0}}
,"/Users/maryiavelesiuk/Documents/RSScool_React/rsscool-react/src/components/shared/Modal/index.ts": {"path":"/Users/maryiavelesiuk/Documents/RSScool_React/rsscool-react/src/components/shared/Modal/index.ts","all":false,"statementMap":{"0":{"start":{"line":1,"column":0},"end":{"line":1,"column":32}}},"s":{"0":1},"branchMap":{},"b":{},"fnMap":{},"f":{}}
,"/Users/maryiavelesiuk/Documents/RSScool_React/rsscool-react/src/components/shared/Pagination/Pagination.test.tsx": {"path":"/Users/maryiavelesiuk/Documents/RSScool_React/rsscool-react/src/components/shared/Pagination/Pagination.test.tsx","all":false,"statementMap":{"0":{"start":{"line":1,"column":0},"end":{"line":1,"column":46}},"1":{"start":{"line":2,"column":0},"end":{"line":2,"column":31}},"2":{"start":{"line":3,"column":0},"end":{"line":3,"column":67}},"3":{"start":{"line":4,"column":0},"end":{"line":4,"column":39}},"4":{"start":{"line":5,"column":0},"end":{"line":5,"column":45}},"6":{"start":{"line":7,"column":0},"end":{"line":7,"column":38}},"7":{"start":{"line":8,"column":0},"end":{"line":8,"column":63}},"8":{"start":{"line":9,"column":0},"end":{"line":9,"column":11}},"9":{"start":{"line":10,"column":0},"end":{"line":10,"column":30}},"10":{"start":{"line":11,"column":0},"end":{"line":11,"column":40}},"11":{"start":{"line":12,"column":0},"end":{"line":12,"column":17}},"12":{"start":{"line":13,"column":0},"end":{"line":13,"column":6}},"13":{"start":{"line":14,"column":0},"end":{"line":14,"column":54}},"14":{"start":{"line":15,"column":0},"end":{"line":15,"column":5}},"15":{"start":{"line":16,"column":0},"end":{"line":16,"column":70}},"16":{"start":{"line":17,"column":0},"end":{"line":17,"column":11}},"17":{"start":{"line":18,"column":0},"end":{"line":18,"column":30}},"18":{"start":{"line":19,"column":0},"end":{"line":19,"column":40}},"19":{"start":{"line":20,"column":0},"end":{"line":20,"column":17}},"20":{"start":{"line":21,"column":0},"end":{"line":21,"column":6}},"21":{"start":{"line":22,"column":0},"end":{"line":22,"column":45}},"22":{"start":{"line":23,"column":0},"end":{"line":23,"column":43}},"23":{"start":{"line":24,"column":0},"end":{"line":24,"column":32}},"24":{"start":{"line":25,"column":0},"end":{"line":25,"column":45}},"25":{"start":{"line":26,"column":0},"end":{"line":26,"column":5}},"26":{"start":{"line":27,"column":0},"end":{"line":27,"column":3}}},"s":{"0":1,"1":1,"2":1,"3":1,"4":1,"6":1,"7":1,"8":1,"9":1,"10":1,"11":1,"12":1,"13":1,"14":1,"15":1,"16":1,"17":1,"18":1,"19":1,"20":1,"21":1,"22":1,"23":1,"24":1,"25":1,"26":1},"branchMap":{"0":{"type":"branch","line":7,"loc":{"start":{"line":7,"column":31},"end":{"line":27,"column":3}},"locations":[{"start":{"line":7,"column":31},"end":{"line":27,"column":3}}]},"1":{"type":"branch","line":8,"loc":{"start":{"line":8,"column":56},"end":{"line":15,"column":3}},"locations":[{"start":{"line":8,"column":56},"end":{"line":15,"column":3}}]},"2":{"type":"branch","line":16,"loc":{"start":{"line":16,"column":63},"end":{"line":26,"column":3}},"locations":[{"start":{"line":16,"column":63},"end":{"line":26,"column":3}}]}},"b":{"0":[1],"1":[1],"2":[1]},"fnMap":{},"f":{}}
,"/Users/maryiavelesiuk/Documents/RSScool_React/rsscool-react/src/components/shared/Pagination/Pagination.tsx": {"path":"/Users/maryiavelesiuk/Documents/RSScool_React/rsscool-react/src/components/shared/Pagination/Pagination.tsx","all":false,"statementMap":{"0":{"start":{"line":1,"column":0},"end":{"line":1,"column":27}},"1":{"start":{"line":2,"column":0},"end":{"line":2,"column":45}},"2":{"start":{"line":3,"column":0},"end":{"line":3,"column":70}},"3":{"start":{"line":4,"column":0},"end":{"line":4,"column":61}},"9":{"start":{"line":10,"column":0},"end":{"line":10,"column":74}},"10":{"start":{"line":11,"column":0},"end":{"line":11,"column":73}},"11":{"start":{"line":12,"column":0},"end":{"line":12,"column":22}},"12":{"start":{"line":13,"column":0},"end":{"line":13,"column":4}},"13":{"start":{"line":14,"column":0},"end":{"line":14,"column":36}},"14":{"start":{"line":15,"column":0},"end":{"line":15,"column":73}},"16":{"start":{"line":17,"column":0},"end":{"line":17,"column":49}},"17":{"start":{"line":18,"column":0},"end":{"line":18,"column":28}},"18":{"start":{"line":19,"column":0},"end":{"line":19,"column":4}},"20":{"start":{"line":21,"column":0},"end":{"line":21,"column":10}},"21":{"start":{"line":22,"column":0},"end":{"line":22,"column":36}},"22":{"start":{"line":23,"column":0},"end":{"line":23,"column":33}},"23":{"start":{"line":24,"column":0},"end":{"line":24,"column":12}},"24":{"start":{"line":25,"column":0},"end":{"line":25,"column":76}},"25":{"start":{"line":26,"column":0},"end":{"line":26,"column":20}},"26":{"start":{"line":27,"column":0},"end":{"line":27,"column":52}},"27":{"start":{"line":28,"column":0},"end":{"line":28,"column":16}},"28":{"start":{"line":29,"column":0},"end":{"line":29,"column":14}},"29":{"start":{"line":30,"column":0},"end":{"line":30,"column":9}},"30":{"start":{"line":31,"column":0},"end":{"line":31,"column":10}},"32":{"start":{"line":33,"column":0},"end":{"line":33,"column":2}}},"s":{"0":1,"1":1,"2":1,"3":1,"9":1,"10":3,"11":3,"12":3,"13":3,"14":3,"16":3,"17":1,"18":1,"20":3,"21":3,"22":3,"23":9,"24":9,"25":9,"26":9,"27":9,"28":9,"29":3,"30":3,"32":3},"branchMap":{"0":{"type":"branch","line":10,"loc":{"start":{"line":10,"column":47},"end":{"line":33,"column":2}},"locations":[{"start":{"line":10,"column":47},"end":{"line":33,"column":2}}]},"1":{"type":"branch","line":12,"loc":{"start":{"line":12,"column":4},"end":{"line":12,"column":22}},"locations":[{"start":{"line":12,"column":4},"end":{"line":12,"column":22}}]},"2":{"type":"branch","line":15,"loc":{"start":{"line":15,"column":42},"end":{"line":15,"column":71}},"locations":[{"start":{"line":15,"column":42},"end":{"line":15,"column":71}}]},"3":{"type":"branch","line":17,"loc":{"start":{"line":17,"column":30},"end":{"line":19,"column":4}},"locations":[{"start":{"line":17,"column":30},"end":{"line":19,"column":4}}]},"4":{"type":"branch","line":23,"loc":{"start":{"line":23,"column":22},"end":{"line":29,"column":14}},"locations":[{"start":{"line":23,"column":22},"end":{"line":29,"column":14}}]},"5":{"type":"branch","line":25,"loc":{"start":{"line":25,"column":38},"end":{"line":25,"column":61}},"locations":[{"start":{"line":25,"column":38},"end":{"line":25,"column":61}}]},"6":{"type":"branch","line":25,"loc":{"start":{"line":25,"column":52},"end":{"line":25,"column":76}},"locations":[{"start":{"line":25,"column":52},"end":{"line":25,"column":76}}]},"7":{"type":"branch","line":27,"loc":{"start":{"line":27,"column":19},"end":{"line":27,"column":52}},"locations":[{"start":{"line":27,"column":19},"end":{"line":27,"column":52}}]}},"b":{"0":[3],"1":[9],"2":[7],"3":[1],"4":[9],"5":[3],"6":[6],"7":[1]},"fnMap":{"0":{"name":"Pagination","decl":{"start":{"line":10,"column":47},"end":{"line":33,"column":2}},"loc":{"start":{"line":10,"column":47},"end":{"line":33,"column":2}},"line":10},"1":{"name":"onSelectedPageClick","decl":{"start":{"line":17,"column":30},"end":{"line":19,"column":4}},"loc":{"start":{"line":17,"column":30},"end":{"line":19,"column":4}},"line":17},"2":{"name":"onClick","decl":{"start":{"line":27,"column":19},"end":{"line":27,"column":52}},"loc":{"start":{"line":27,"column":19},"end":{"line":27,"column":52}},"line":27}},"f":{"0":3,"1":1,"2":1}}
,"/Users/maryiavelesiuk/Documents/RSScool_React/rsscool-react/src/components/shared/Pagination/index.ts": {"path":"/Users/maryiavelesiuk/Documents/RSScool_React/rsscool-react/src/components/shared/Pagination/index.ts","all":false,"statementMap":{"0":{"start":{"line":1,"column":0},"end":{"line":1,"column":42}}},"s":{"0":1},"branchMap":{},"b":{},"fnMap":{},"f":{}}
,"/Users/maryiavelesiuk/Documents/RSScool_React/rsscool-react/src/components/shared/PlanetCard/PlanetCard.test.tsx": {"path":"/Users/maryiavelesiuk/Documents/RSScool_React/rsscool-react/src/components/shared/PlanetCard/PlanetCard.test.tsx","all":false,"statementMap":{"0":{"start":{"line":1,"column":0},"end":{"line":1,"column":46}},"1":{"start":{"line":2,"column":0},"end":{"line":2,"column":31}},"2":{"start":{"line":3,"column":0},"end":{"line":3,"column":67}},"3":{"start":{"line":4,"column":0},"end":{"line":4,"column":57}},"4":{"start":{"line":5,"column":0},"end":{"line":5,"column":39}},"5":{"start":{"line":6,"column":0},"end":{"line":6,"column":45}},"6":{"start":{"line":7,"column":0},"end":{"line":7,"column":48}},"8":{"start":{"line":9,"column":0},"end":{"line":9,"column":17}},"9":{"start":{"line":10,"column":0},"end":{"line":10,"column":19}},"10":{"start":{"line":11,"column":0},"end":{"line":11,"column":28}},"11":{"start":{"line":12,"column":0},"end":{"line":12,"column":27}},"12":{"start":{"line":13,"column":0},"end":{"line":13,"column":21}},"13":{"start":{"line":14,"column":0},"end":{"line":14,"column":20}},"14":{"start":{"line":15,"column":0},"end":{"line":15,"column":20}},"15":{"start":{"line":16,"column":0},"end":{"line":16,"column":20}},"16":{"start":{"line":17,"column":0},"end":{"line":17,"column":26}},"17":{"start":{"line":18,"column":0},"end":{"line":18,"column":23}},"18":{"start":{"line":19,"column":0},"end":{"line":19,"column":24}},"19":{"start":{"line":20,"column":0},"end":{"line":20,"column":20}},"20":{"start":{"line":21,"column":0},"end":{"line":21,"column":20}},"21":{"start":{"line":22,"column":0},"end":{"line":22,"column":19}},"22":{"start":{"line":23,"column":0},"end":{"line":23,"column":16}},"23":{"start":{"line":24,"column":0},"end":{"line":24,"column":2}},"25":{"start":{"line":26,"column":0},"end":{"line":26,"column":38}},"26":{"start":{"line":27,"column":0},"end":{"line":27,"column":40}},"27":{"start":{"line":28,"column":0},"end":{"line":28,"column":11}},"28":{"start":{"line":29,"column":0},"end":{"line":29,"column":20}},"29":{"start":{"line":30,"column":0},"end":{"line":30,"column":32}},"30":{"start":{"line":31,"column":0},"end":{"line":31,"column":32}},"31":{"start":{"line":32,"column":0},"end":{"line":32,"column":47}},"32":{"start":{"line":33,"column":0},"end":{"line":33,"column":33}},"33":{"start":{"line":34,"column":0},"end":{"line":34,"column":19}},"34":{"start":{"line":35,"column":0},"end":{"line":35,"column":21}},"35":{"start":{"line":36,"column":0},"end":{"line":36,"column":6}},"36":{"start":{"line":37,"column":0},"end":{"line":37,"column":61}},"37":{"start":{"line":38,"column":0},"end":{"line":38,"column":5}},"38":{"start":{"line":39,"column":0},"end":{"line":39,"column":57}},"39":{"start":{"line":40,"column":0},"end":{"line":40,"column":11}},"40":{"start":{"line":41,"column":0},"end":{"line":41,"column":20}},"41":{"start":{"line":42,"column":0},"end":{"line":42,"column":32}},"42":{"start":{"line":43,"column":0},"end":{"line":43,"column":32}},"43":{"start":{"line":44,"column":0},"end":{"line":44,"column":47}},"44":{"start":{"line":45,"column":0},"end":{"line":45,"column":33}},"45":{"start":{"line":46,"column":0},"end":{"line":46,"column":19}},"46":{"start":{"line":47,"column":0},"end":{"line":47,"column":21}},"47":{"start":{"line":48,"column":0},"end":{"line":48,"column":6}},"48":{"start":{"line":49,"column":0},"end":{"line":49,"column":73}},"49":{"start":{"line":50,"column":0},"end":{"line":50,"column":41}},"50":{"start":{"line":51,"column":0},"end":{"line":51,"column":44}},"51":{"start":{"line":52,"column":0},"end":{"line":52,"column":30}},"52":{"start":{"line":53,"column":0},"end":{"line":53,"column":43}},"53":{"start":{"line":54,"column":0},"end":{"line":54,"column":5}},"54":{"start":{"line":55,"column":0},"end":{"line":55,"column":3}}},"s":{"0":1,"1":1,"2":1,"3":1,"4":1,"5":1,"6":1,"8":1,"9":1,"10":1,"11":1,"12":1,"13":1,"14":1,"15":1,"16":1,"17":1,"18":1,"19":1,"20":1,"21":1,"22":1,"23":1,"25":1,"26":1,"27":1,"28":1,"29":1,"30":1,"31":1,"32":1,"33":1,"34":1,"35":1,"36":1,"37":1,"38":1,"39":1,"40":1,"41":1,"42":1,"43":1,"44":1,"45":1,"46":1,"47":1,"48":1,"49":1,"50":1,"51":1,"52":1,"53":1,"54":1},"branchMap":{"0":{"type":"branch","line":26,"loc":{"start":{"line":26,"column":31},"end":{"line":55,"column":3}},"locations":[{"start":{"line":26,"column":31},"end":{"line":55,"column":3}}]},"1":{"type":"branch","line":27,"loc":{"start":{"line":27,"column":33},"end":{"line":38,"column":3}},"locations":[{"start":{"line":27,"column":33},"end":{"line":38,"column":3}}]},"2":{"type":"branch","line":39,"loc":{"start":{"line":39,"column":50},"end":{"line":54,"column":3}},"locations":[{"start":{"line":39,"column":50},"end":{"line":54,"column":3}}]}},"b":{"0":[1],"1":[1],"2":[1]},"fnMap":{},"f":{}}
,"/Users/maryiavelesiuk/Documents/RSScool_React/rsscool-react/src/components/shared/PlanetCard/PlanetCard.tsx": {"path":"/Users/maryiavelesiuk/Documents/RSScool_React/rsscool-react/src/components/shared/PlanetCard/PlanetCard.tsx","all":false,"statementMap":{"0":{"start":{"line":1,"column":0},"end":{"line":1,"column":40}},"1":{"start":{"line":2,"column":0},"end":{"line":2,"column":45}},"3":{"start":{"line":4,"column":0},"end":{"line":4,"column":40}},"4":{"start":{"line":5,"column":0},"end":{"line":5,"column":70}},"5":{"start":{"line":6,"column":0},"end":{"line":6,"column":80}},"6":{"start":{"line":7,"column":0},"end":{"line":7,"column":65}},"12":{"start":{"line":13,"column":0},"end":{"line":13,"column":68}},"13":{"start":{"line":14,"column":0},"end":{"line":14,"column":38}},"14":{"start":{"line":15,"column":0},"end":{"line":15,"column":75}},"15":{"start":{"line":16,"column":0},"end":{"line":16,"column":75}},"16":{"start":{"line":17,"column":0},"end":{"line":17,"column":36}},"18":{"start":{"line":19,"column":0},"end":{"line":19,"column":62}},"19":{"start":{"line":20,"column":0},"end":{"line":20,"column":27}},"20":{"start":{"line":21,"column":0},"end":{"line":21,"column":38}},"21":{"start":{"line":22,"column":0},"end":{"line":22,"column":12}},"22":{"start":{"line":23,"column":0},"end":{"line":23,"column":35}},"23":{"start":{"line":24,"column":0},"end":{"line":24,"column":5}},"24":{"start":{"line":25,"column":0},"end":{"line":25,"column":4}},"26":{"start":{"line":27,"column":0},"end":{"line":27,"column":10}},"27":{"start":{"line":28,"column":0},"end":{"line":28,"column":36}},"28":{"start":{"line":29,"column":0},"end":{"line":29,"column":28}},"29":{"start":{"line":30,"column":0},"end":{"line":30,"column":12}},"30":{"start":{"line":31,"column":0},"end":{"line":31,"column":73}},"31":{"start":{"line":32,"column":0},"end":{"line":32,"column":35}},"32":{"start":{"line":33,"column":0},"end":{"line":33,"column":58}},"33":{"start":{"line":34,"column":0},"end":{"line":34,"column":75}},"34":{"start":{"line":35,"column":0},"end":{"line":35,"column":61}},"35":{"start":{"line":36,"column":0},"end":{"line":36,"column":59}},"36":{"start":{"line":37,"column":0},"end":{"line":37,"column":59}},"37":{"start":{"line":38,"column":0},"end":{"line":38,"column":14}},"38":{"start":{"line":39,"column":0},"end":{"line":39,"column":13}},"39":{"start":{"line":40,"column":0},"end":{"line":40,"column":39}},"40":{"start":{"line":41,"column":0},"end":{"line":41,"column":14}},"41":{"start":{"line":42,"column":0},"end":{"line":42,"column":25}},"42":{"start":{"line":43,"column":0},"end":{"line":43,"column":19}},"43":{"start":{"line":44,"column":0},"end":{"line":44,"column":46}},"44":{"start":{"line":45,"column":0},"end":{"line":45,"column":33}},"45":{"start":{"line":46,"column":0},"end":{"line":46,"column":10}},"46":{"start":{"line":47,"column":0},"end":{"line":47,"column":44}},"47":{"start":{"line":48,"column":0},"end":{"line":48,"column":12}},"48":{"start":{"line":49,"column":0},"end":{"line":49,"column":10}},"50":{"start":{"line":51,"column":0},"end":{"line":51,"column":2}}},"s":{"0":1,"1":1,"3":1,"4":1,"5":1,"6":1,"12":1,"13":3,"14":3,"15":3,"16":3,"18":3,"19":1,"20":1,"21":1,"22":0,"23":0,"24":1,"26":3,"27":3,"28":3,"29":3,"30":3,"31":3,"32":3,"33":3,"34":3,"35":3,"36":3,"37":3,"38":3,"39":3,"40":3,"41":3,"42":3,"43":3,"44":3,"45":3,"46":3,"47":3,"48":3,"50":3},"branchMap":{"0":{"type":"branch","line":13,"loc":{"start":{"line":13,"column":47},"end":{"line":51,"column":2}},"locations":[{"start":{"line":13,"column":47},"end":{"line":51,"column":2}}]},"1":{"type":"branch","line":31,"loc":{"start":{"line":31,"column":49},"end":{"line":31,"column":70}},"locations":[{"start":{"line":31,"column":49},"end":{"line":31,"column":70}}]},"2":{"type":"branch","line":16,"loc":{"start":{"line":16,"column":41},"end":{"line":16,"column":73}},"locations":[{"start":{"line":16,"column":41},"end":{"line":16,"column":73}}]},"3":{"type":"branch","line":19,"loc":{"start":{"line":19,"column":23},"end":{"line":25,"column":4}},"locations":[{"start":{"line":19,"column":23},"end":{"line":25,"column":4}}]},"4":{"type":"branch","line":22,"loc":{"start":{"line":22,"column":4},"end":{"line":24,"column":5}},"locations":[{"start":{"line":22,"column":4},"end":{"line":24,"column":5}}]}},"b":{"0":[3],"1":[0],"2":[7],"3":[1],"4":[0]},"fnMap":{"0":{"name":"PlanetCard","decl":{"start":{"line":13,"column":47},"end":{"line":51,"column":2}},"loc":{"start":{"line":13,"column":47},"end":{"line":51,"column":2}},"line":13},"1":{"name":"handleToggle","decl":{"start":{"line":19,"column":23},"end":{"line":25,"column":4}},"loc":{"start":{"line":19,"column":23},"end":{"line":25,"column":4}},"line":19}},"f":{"0":3,"1":1}}
,"/Users/maryiavelesiuk/Documents/RSScool_React/rsscool-react/src/components/shared/PlanetCard/index.ts": {"path":"/Users/maryiavelesiuk/Documents/RSScool_React/rsscool-react/src/components/shared/PlanetCard/index.ts","all":false,"statementMap":{"0":{"start":{"line":1,"column":0},"end":{"line":1,"column":42}}},"s":{"0":1},"branchMap":{},"b":{},"fnMap":{},"f":{}}
,"/Users/maryiavelesiuk/Documents/RSScool_React/rsscool-react/src/components/shared/PlanetInfo/PlanetInfo.test.tsx": {"path":"/Users/maryiavelesiuk/Documents/RSScool_React/rsscool-react/src/components/shared/PlanetInfo/PlanetInfo.test.tsx","all":false,"statementMap":{"0":{"start":{"line":1,"column":0},"end":{"line":1,"column":46}},"1":{"start":{"line":2,"column":0},"end":{"line":2,"column":31}},"2":{"start":{"line":3,"column":0},"end":{"line":3,"column":56}},"3":{"start":{"line":4,"column":0},"end":{"line":4,"column":39}},"4":{"start":{"line":5,"column":0},"end":{"line":5,"column":45}},"5":{"start":{"line":6,"column":0},"end":{"line":6,"column":57}},"6":{"start":{"line":7,"column":0},"end":{"line":7,"column":54}},"7":{"start":{"line":8,"column":0},"end":{"line":8,"column":46}},"9":{"start":{"line":10,"column":0},"end":{"line":10,"column":18}},"10":{"start":{"line":11,"column":0},"end":{"line":11,"column":12}},"11":{"start":{"line":12,"column":0},"end":{"line":12,"column":5}},"12":{"start":{"line":13,"column":0},"end":{"line":13,"column":19}},"13":{"start":{"line":14,"column":0},"end":{"line":14,"column":21}},"14":{"start":{"line":15,"column":0},"end":{"line":15,"column":25}},"15":{"start":{"line":16,"column":0},"end":{"line":16,"column":27}},"16":{"start":{"line":17,"column":0},"end":{"line":17,"column":24}},"17":{"start":{"line":18,"column":0},"end":{"line":18,"column":28}},"18":{"start":{"line":19,"column":0},"end":{"line":19,"column":29}},"19":{"start":{"line":20,"column":0},"end":{"line":20,"column":25}},"20":{"start":{"line":21,"column":0},"end":{"line":21,"column":6}},"21":{"start":{"line":22,"column":0},"end":{"line":22,"column":4}},"22":{"start":{"line":23,"column":0},"end":{"line":23,"column":2}},"23":{"start":{"line":24,"column":0},"end":{"line":24,"column":34}},"24":{"start":{"line":25,"column":0},"end":{"line":25,"column":3}},"25":{"start":{"line":26,"column":0},"end":{"line":26,"column":5}},"26":{"start":{"line":27,"column":0},"end":{"line":27,"column":16}},"27":{"start":{"line":28,"column":0},"end":{"line":28,"column":16}},"28":{"start":{"line":29,"column":0},"end":{"line":29,"column":30}},"29":{"start":{"line":30,"column":0},"end":{"line":30,"column":34}},"30":{"start":{"line":31,"column":0},"end":{"line":31,"column":26}},"31":{"start":{"line":32,"column":0},"end":{"line":32,"column":21}},"32":{"start":{"line":33,"column":0},"end":{"line":33,"column":31}},"34":{"start":{"line":35,"column":0},"end":{"line":35,"column":29}},"35":{"start":{"line":36,"column":0},"end":{"line":36,"column":6}},"36":{"start":{"line":37,"column":0},"end":{"line":37,"column":4}},"37":{"start":{"line":38,"column":0},"end":{"line":38,"column":27}},"38":{"start":{"line":39,"column":0},"end":{"line":39,"column":2}},"39":{"start":{"line":40,"column":0},"end":{"line":40,"column":38}},"40":{"start":{"line":41,"column":0},"end":{"line":41,"column":46}},"41":{"start":{"line":42,"column":0},"end":{"line":42,"column":47}},"42":{"start":{"line":43,"column":0},"end":{"line":43,"column":65}},"43":{"start":{"line":44,"column":0},"end":{"line":44,"column":5}},"44":{"start":{"line":45,"column":0},"end":{"line":45,"column":3}}},"s":{"0":1,"1":1,"2":1,"3":1,"4":1,"5":1,"6":1,"7":1,"9":1,"10":1,"11":1,"12":1,"13":1,"14":1,"15":1,"16":1,"17":1,"18":1,"19":1,"20":1,"21":1,"22":1,"23":1,"24":1,"25":1,"26":1,"27":1,"28":1,"29":1,"30":1,"31":1,"32":1,"34":1,"35":1,"36":1,"37":1,"38":1,"39":1,"40":1,"41":1,"42":1,"43":1,"44":1},"branchMap":{"0":{"type":"branch","line":35,"loc":{"start":{"line":35,"column":14},"end":{"line":35,"column":29}},"locations":[{"start":{"line":35,"column":14},"end":{"line":35,"column":29}}]},"1":{"type":"branch","line":40,"loc":{"start":{"line":40,"column":31},"end":{"line":45,"column":3}},"locations":[{"start":{"line":40,"column":31},"end":{"line":45,"column":3}}]},"2":{"type":"branch","line":41,"loc":{"start":{"line":41,"column":33},"end":{"line":44,"column":3}},"locations":[{"start":{"line":41,"column":33},"end":{"line":44,"column":3}}]}},"b":{"0":[1],"1":[1],"2":[1]},"fnMap":{"0":{"name":"loader","decl":{"start":{"line":35,"column":14},"end":{"line":35,"column":29}},"loc":{"start":{"line":35,"column":14},"end":{"line":35,"column":29}},"line":35}},"f":{"0":1}}
,"/Users/maryiavelesiuk/Documents/RSScool_React/rsscool-react/src/components/shared/PlanetInfo/PlanetInfo.tsx": {"path":"/Users/maryiavelesiuk/Documents/RSScool_React/rsscool-react/src/components/shared/PlanetInfo/PlanetInfo.tsx","all":false,"statementMap":{"0":{"start":{"line":1,"column":0},"end":{"line":1,"column":65}},"1":{"start":{"line":2,"column":0},"end":{"line":2,"column":35}},"3":{"start":{"line":4,"column":0},"end":{"line":4,"column":45}},"4":{"start":{"line":5,"column":0},"end":{"line":5,"column":62}},"6":{"start":{"line":7,"column":0},"end":{"line":7,"column":33}},"7":{"start":{"line":8,"column":0},"end":{"line":8,"column":9}},"8":{"start":{"line":9,"column":0},"end":{"line":9,"column":14}},"9":{"start":{"line":10,"column":0},"end":{"line":10,"column":7}},"10":{"start":{"line":11,"column":0},"end":{"line":11,"column":13}},"11":{"start":{"line":12,"column":0},"end":{"line":12,"column":17}},"12":{"start":{"line":13,"column":0},"end":{"line":13,"column":16}},"13":{"start":{"line":14,"column":0},"end":{"line":14,"column":23}},"14":{"start":{"line":15,"column":0},"end":{"line":15,"column":19}},"15":{"start":{"line":16,"column":0},"end":{"line":16,"column":24}},"16":{"start":{"line":17,"column":0},"end":{"line":17,"column":22}},"17":{"start":{"line":18,"column":0},"end":{"line":18,"column":16}},"18":{"start":{"line":19,"column":0},"end":{"line":19,"column":8}},"19":{"start":{"line":20,"column":0},"end":{"line":20,"column":6}},"20":{"start":{"line":21,"column":0},"end":{"line":21,"column":47}},"21":{"start":{"line":22,"column":0},"end":{"line":22,"column":33}},"22":{"start":{"line":23,"column":0},"end":{"line":23,"column":38}},"24":{"start":{"line":25,"column":0},"end":{"line":25,"column":29}},"25":{"start":{"line":26,"column":0},"end":{"line":26,"column":18}},"26":{"start":{"line":27,"column":0},"end":{"line":27,"column":4}},"28":{"start":{"line":29,"column":0},"end":{"line":29,"column":10}},"29":{"start":{"line":30,"column":0},"end":{"line":30,"column":8}},"30":{"start":{"line":31,"column":0},"end":{"line":31,"column":72}},"31":{"start":{"line":32,"column":0},"end":{"line":32,"column":31}},"32":{"start":{"line":33,"column":0},"end":{"line":33,"column":36}},"33":{"start":{"line":34,"column":0},"end":{"line":34,"column":68}},"34":{"start":{"line":35,"column":0},"end":{"line":35,"column":12}},"35":{"start":{"line":36,"column":0},"end":{"line":36,"column":56}},"36":{"start":{"line":37,"column":0},"end":{"line":37,"column":33}},"37":{"start":{"line":38,"column":0},"end":{"line":38,"column":32}},"38":{"start":{"line":39,"column":0},"end":{"line":39,"column":45}},"39":{"start":{"line":40,"column":0},"end":{"line":40,"column":37}},"40":{"start":{"line":41,"column":0},"end":{"line":41,"column":47}},"41":{"start":{"line":42,"column":0},"end":{"line":42,"column":43}},"42":{"start":{"line":43,"column":0},"end":{"line":43,"column":31}},"43":{"start":{"line":44,"column":0},"end":{"line":44,"column":10}},"45":{"start":{"line":46,"column":0},"end":{"line":46,"column":2}}},"s":{"0":1,"1":1,"3":1,"4":1,"6":1,"7":1,"8":1,"9":1,"10":1,"11":1,"12":1,"13":1,"14":1,"15":1,"16":1,"17":1,"18":1,"19":1,"20":1,"21":1,"22":1,"24":1,"25":0,"26":0,"28":1,"29":1,"30":1,"31":1,"32":1,"33":1,"34":1,"35":1,"36":1,"37":1,"38":1,"39":1,"40":1,"41":1,"42":1,"43":1,"45":1},"branchMap":{"0":{"type":"branch","line":7,"loc":{"start":{"line":7,"column":26},"end":{"line":46,"column":2}},"locations":[{"start":{"line":7,"column":26},"end":{"line":46,"column":2}}]},"1":{"type":"branch","line":31,"loc":{"start":{"line":31,"column":48},"end":{"line":31,"column":69}},"locations":[{"start":{"line":31,"column":48},"end":{"line":31,"column":69}}]}},"b":{"0":[1],"1":[0]},"fnMap":{"0":{"name":"PlanetInfo","decl":{"start":{"line":7,"column":26},"end":{"line":46,"column":2}},"loc":{"start":{"line":7,"column":26},"end":{"line":46,"column":2}},"line":7},"1":{"name":"handleClick","decl":{"start":{"line":25,"column":22},"end":{"line":27,"column":4}},"loc":{"start":{"line":25,"column":22},"end":{"line":27,"column":4}},"line":25}},"f":{"0":1,"1":0}}
,"/Users/maryiavelesiuk/Documents/RSScool_React/rsscool-react/src/components/shared/PlanetInfo/index.ts": {"path":"/Users/maryiavelesiuk/Documents/RSScool_React/rsscool-react/src/components/shared/PlanetInfo/index.ts","all":false,"statementMap":{"0":{"start":{"line":1,"column":0},"end":{"line":1,"column":42}}},"s":{"0":1},"branchMap":{},"b":{},"fnMap":{},"f":{}}
,"/Users/maryiavelesiuk/Documents/RSScool_React/rsscool-react/src/components/shared/PlanetsList/PlanetsList.test.tsx": {"path":"/Users/maryiavelesiuk/Documents/RSScool_React/rsscool-react/src/components/shared/PlanetsList/PlanetsList.test.tsx","all":false,"statementMap":{"0":{"start":{"line":1,"column":0},"end":{"line":1,"column":78}},"1":{"start":{"line":2,"column":0},"end":{"line":2,"column":32}},"2":{"start":{"line":3,"column":0},"end":{"line":3,"column":56}},"3":{"start":{"line":4,"column":0},"end":{"line":4,"column":39}},"4":{"start":{"line":5,"column":0},"end":{"line":5,"column":45}},"5":{"start":{"line":6,"column":0},"end":{"line":6,"column":48}},"6":{"start":{"line":7,"column":0},"end":{"line":7,"column":39}},"7":{"start":{"line":8,"column":0},"end":{"line":8,"column":57}},"9":{"start":{"line":10,"column":0},"end":{"line":10,"column":25}},"10":{"start":{"line":11,"column":0},"end":{"line":11,"column":35}},"11":{"start":{"line":12,"column":0},"end":{"line":12,"column":21}},"12":{"start":{"line":13,"column":0},"end":{"line":13,"column":30}},"13":{"start":{"line":14,"column":0},"end":{"line":14,"column":7}},"14":{"start":{"line":15,"column":0},"end":{"line":15,"column":25}},"15":{"start":{"line":16,"column":0},"end":{"line":16,"column":34}},"16":{"start":{"line":17,"column":0},"end":{"line":17,"column":33}},"17":{"start":{"line":18,"column":0},"end":{"line":18,"column":27}},"18":{"start":{"line":19,"column":0},"end":{"line":19,"column":26}},"19":{"start":{"line":20,"column":0},"end":{"line":20,"column":26}},"20":{"start":{"line":21,"column":0},"end":{"line":21,"column":26}},"21":{"start":{"line":22,"column":0},"end":{"line":22,"column":32}},"22":{"start":{"line":23,"column":0},"end":{"line":23,"column":29}},"23":{"start":{"line":24,"column":0},"end":{"line":24,"column":30}},"24":{"start":{"line":25,"column":0},"end":{"line":25,"column":26}},"25":{"start":{"line":26,"column":0},"end":{"line":26,"column":26}},"26":{"start":{"line":27,"column":0},"end":{"line":27,"column":25}},"27":{"start":{"line":28,"column":0},"end":{"line":28,"column":22}},"28":{"start":{"line":29,"column":0},"end":{"line":29,"column":8}},"29":{"start":{"line":30,"column":0},"end":{"line":30,"column":7}},"30":{"start":{"line":31,"column":0},"end":{"line":31,"column":5}},"31":{"start":{"line":32,"column":0},"end":{"line":32,"column":2}},"32":{"start":{"line":33,"column":0},"end":{"line":33,"column":40}},"33":{"start":{"line":34,"column":0},"end":{"line":34,"column":33}},"34":{"start":{"line":35,"column":0},"end":{"line":35,"column":40}},"35":{"start":{"line":36,"column":0},"end":{"line":36,"column":31}},"37":{"start":{"line":38,"column":0},"end":{"line":38,"column":39}},"38":{"start":{"line":39,"column":0},"end":{"line":39,"column":47}},"39":{"start":{"line":40,"column":0},"end":{"line":40,"column":11}},"40":{"start":{"line":41,"column":0},"end":{"line":41,"column":28}},"41":{"start":{"line":42,"column":0},"end":{"line":42,"column":32}},"42":{"start":{"line":43,"column":0},"end":{"line":43,"column":25}},"43":{"start":{"line":44,"column":0},"end":{"line":44,"column":19}},"44":{"start":{"line":45,"column":0},"end":{"line":45,"column":29}},"45":{"start":{"line":46,"column":0},"end":{"line":46,"column":6}},"46":{"start":{"line":47,"column":0},"end":{"line":47,"column":62}},"47":{"start":{"line":48,"column":0},"end":{"line":48,"column":5}},"48":{"start":{"line":49,"column":0},"end":{"line":49,"column":3}}},"s":{"0":1,"1":1,"2":1,"3":1,"4":1,"5":1,"6":1,"7":1,"9":1,"10":1,"11":0,"12":0,"13":0,"14":0,"15":0,"16":0,"17":0,"18":0,"19":0,"20":0,"21":0,"22":0,"23":0,"24":0,"25":0,"26":0,"27":0,"28":0,"29":0,"30":1,"31":1,"32":1,"33":1,"34":1,"35":1,"37":1,"38":1,"39":1,"40":1,"41":1,"42":1,"43":1,"44":1,"45":1,"46":1,"47":1,"48":1},"branchMap":{"0":{"type":"branch","line":34,"loc":{"start":{"line":34,"column":10},"end":{"line":34,"column":31}},"locations":[{"start":{"line":34,"column":10},"end":{"line":34,"column":31}}]},"1":{"type":"branch","line":35,"loc":{"start":{"line":35,"column":10},"end":{"line":35,"column":38}},"locations":[{"start":{"line":35,"column":10},"end":{"line":35,"column":38}}]},"2":{"type":"branch","line":36,"loc":{"start":{"line":36,"column":9},"end":{"line":36,"column":29}},"locations":[{"start":{"line":36,"column":9},"end":{"line":36,"column":29}}]},"3":{"type":"branch","line":38,"loc":{"start":{"line":38,"column":32},"end":{"line":49,"column":3}},"locations":[{"start":{"line":38,"column":32},"end":{"line":49,"column":3}}]},"4":{"type":"branch","line":39,"loc":{"start":{"line":39,"column":34},"end":{"line":48,"column":3}},"locations":[{"start":{"line":39,"column":34},"end":{"line":48,"column":3}}]}},"b":{"0":[1],"1":[1],"2":[1],"3":[1],"4":[1]},"fnMap":{},"f":{}}
,"/Users/maryiavelesiuk/Documents/RSScool_React/rsscool-react/src/components/shared/PlanetsList/PlanetsList.tsx": {"path":"/Users/maryiavelesiuk/Documents/RSScool_React/rsscool-react/src/components/shared/PlanetsList/PlanetsList.tsx","all":false,"statementMap":{"0":{"start":{"line":1,"column":0},"end":{"line":1,"column":27}},"1":{"start":{"line":2,"column":0},"end":{"line":2,"column":46}},"2":{"start":{"line":3,"column":0},"end":{"line":3,"column":43}},"3":{"start":{"line":4,"column":0},"end":{"line":4,"column":43}},"4":{"start":{"line":5,"column":0},"end":{"line":5,"column":67}},"5":{"start":{"line":6,"column":0},"end":{"line":6,"column":37}},"6":{"start":{"line":7,"column":0},"end":{"line":7,"column":47}},"7":{"start":{"line":8,"column":0},"end":{"line":8,"column":54}},"9":{"start":{"line":10,"column":0},"end":{"line":10,"column":38}},"10":{"start":{"line":11,"column":0},"end":{"line":11,"column":73}},"11":{"start":{"line":12,"column":0},"end":{"line":12,"column":9}},"12":{"start":{"line":13,"column":0},"end":{"line":13,"column":22}},"13":{"start":{"line":14,"column":0},"end":{"line":14,"column":12}},"14":{"start":{"line":15,"column":0},"end":{"line":15,"column":14}},"15":{"start":{"line":16,"column":0},"end":{"line":16,"column":39}},"17":{"start":{"line":18,"column":0},"end":{"line":18,"column":36}},"18":{"start":{"line":19,"column":0},"end":{"line":19,"column":39}},"20":{"start":{"line":21,"column":0},"end":{"line":21,"column":10}},"21":{"start":{"line":22,"column":0},"end":{"line":22,"column":6}},"22":{"start":{"line":23,"column":0},"end":{"line":23,"column":64}},"23":{"start":{"line":24,"column":0},"end":{"line":24,"column":40}},"24":{"start":{"line":25,"column":0},"end":{"line":25,"column":52}},"25":{"start":{"line":26,"column":0},"end":{"line":26,"column":51}},"26":{"start":{"line":27,"column":0},"end":{"line":27,"column":68}},"27":{"start":{"line":28,"column":0},"end":{"line":28,"column":16}},"28":{"start":{"line":29,"column":0},"end":{"line":29,"column":41}},"29":{"start":{"line":30,"column":0},"end":{"line":30,"column":14}},"30":{"start":{"line":31,"column":0},"end":{"line":31,"column":12}},"31":{"start":{"line":32,"column":0},"end":{"line":32,"column":68}},"32":{"start":{"line":33,"column":0},"end":{"line":33,"column":7}},"34":{"start":{"line":35,"column":0},"end":{"line":35,"column":2}}},"s":{"0":1,"1":1,"2":1,"3":1,"4":1,"5":1,"6":1,"7":1,"9":1,"10":4,"11":4,"12":4,"13":4,"14":4,"15":4,"17":4,"18":0,"20":0,"21":0,"22":0,"23":0,"24":0,"25":0,"26":0,"27":0,"28":0,"29":4,"30":4,"31":4,"32":4,"34":4},"branchMap":{"0":{"type":"branch","line":10,"loc":{"start":{"line":10,"column":31},"end":{"line":35,"column":2}},"locations":[{"start":{"line":10,"column":31},"end":{"line":35,"column":2}}]},"1":{"type":"branch","line":18,"loc":{"start":{"line":18,"column":33},"end":{"line":25,"column":52}},"locations":[{"start":{"line":18,"column":33},"end":{"line":25,"column":52}}]},"2":{"type":"branch","line":25,"loc":{"start":{"line":25,"column":46},"end":{"line":28,"column":16}},"locations":[{"start":{"line":25,"column":46},"end":{"line":28,"column":16}}]},"3":{"type":"branch","line":28,"loc":{"start":{"line":28,"column":15},"end":{"line":29,"column":41}},"locations":[{"start":{"line":28,"column":15},"end":{"line":29,"column":41}}]},"4":{"type":"branch","line":32,"loc":{"start":{"line":32,"column":32},"end":{"line":32,"column":66}},"locations":[{"start":{"line":32,"column":32},"end":{"line":32,"column":66}}]},"5":{"type":"branch","line":11,"loc":{"start":{"line":11,"column":42},"end":{"line":11,"column":71}},"locations":[{"start":{"line":11,"column":42},"end":{"line":11,"column":71}}]}},"b":{"0":[4],"1":[0],"2":[0],"3":[0],"4":[0],"5":[8]},"fnMap":{"0":{"name":"PlanetsList","decl":{"start":{"line":10,"column":31},"end":{"line":35,"column":2}},"loc":{"start":{"line":10,"column":31},"end":{"line":35,"column":2}},"line":10}},"f":{"0":4}}
,"/Users/maryiavelesiuk/Documents/RSScool_React/rsscool-react/src/components/shared/PlanetsList/index.ts": {"path":"/Users/maryiavelesiuk/Documents/RSScool_React/rsscool-react/src/components/shared/PlanetsList/index.ts","all":false,"statementMap":{"0":{"start":{"line":1,"column":0},"end":{"line":1,"column":44}}},"s":{"0":1},"branchMap":{},"b":{},"fnMap":{},"f":{}}
,"/Users/maryiavelesiuk/Documents/RSScool_React/rsscool-react/src/components/shared/Portal/Portal.test.tsx": {"path":"/Users/maryiavelesiuk/Documents/RSScool_React/rsscool-react/src/components/shared/Portal/Portal.test.tsx","all":false,"statementMap":{"0":{"start":{"line":1,"column":0},"end":{"line":1,"column":50}},"1":{"start":{"line":2,"column":0},"end":{"line":2,"column":27}},"2":{"start":{"line":3,"column":0},"end":{"line":3,"column":56}},"3":{"start":{"line":4,"column":0},"end":{"line":4,"column":39}},"4":{"start":{"line":5,"column":0},"end":{"line":5,"column":45}},"6":{"start":{"line":7,"column":0},"end":{"line":7,"column":34}},"7":{"start":{"line":8,"column":0},"end":{"line":8,"column":58}},"8":{"start":{"line":9,"column":0},"end":{"line":9,"column":35}},"13":{"start":{"line":14,"column":0},"end":{"line":14,"column":11}},"14":{"start":{"line":15,"column":0},"end":{"line":15,"column":30}},"15":{"start":{"line":16,"column":0},"end":{"line":16,"column":18}},"16":{"start":{"line":17,"column":0},"end":{"line":17,"column":17}},"17":{"start":{"line":18,"column":0},"end":{"line":18,"column":6}},"18":{"start":{"line":19,"column":0},"end":{"line":19,"column":60}},"19":{"start":{"line":20,"column":0},"end":{"line":20,"column":5}},"20":{"start":{"line":21,"column":0},"end":{"line":21,"column":3}}},"s":{"0":1,"1":1,"2":1,"3":1,"4":1,"6":1,"7":1,"8":1,"13":1,"14":1,"15":1,"16":1,"17":1,"18":1,"19":1,"20":1},"branchMap":{"0":{"type":"branch","line":7,"loc":{"start":{"line":7,"column":27},"end":{"line":21,"column":3}},"locations":[{"start":{"line":7,"column":27},"end":{"line":21,"column":3}}]},"1":{"type":"branch","line":8,"loc":{"start":{"line":8,"column":51},"end":{"line":20,"column":3}},"locations":[{"start":{"line":8,"column":51},"end":{"line":20,"column":3}}]}},"b":{"0":[1],"1":[1]},"fnMap":{},"f":{}}
,"/Users/maryiavelesiuk/Documents/RSScool_React/rsscool-react/src/components/shared/Portal/Portal.tsx": {"path":"/Users/maryiavelesiuk/Documents/RSScool_React/rsscool-react/src/components/shared/Portal/Portal.tsx","all":false,"statementMap":{"0":{"start":{"line":1,"column":0},"end":{"line":1,"column":44}},"1":{"start":{"line":2,"column":0},"end":{"line":2,"column":41}},"2":{"start":{"line":3,"column":0},"end":{"line":3,"column":33}},"3":{"start":{"line":4,"column":0},"end":{"line":4,"column":54}},"5":{"start":{"line":6,"column":0},"end":{"line":6,"column":29}},"6":{"start":{"line":7,"column":0},"end":{"line":7,"column":52}},"7":{"start":{"line":8,"column":0},"end":{"line":8,"column":75}},"9":{"start":{"line":10,"column":0},"end":{"line":10,"column":25}},"10":{"start":{"line":11,"column":0},"end":{"line":11,"column":24}},"11":{"start":{"line":12,"column":0},"end":{"line":12,"column":4}},"13":{"start":{"line":14,"column":0},"end":{"line":14,"column":19}},"14":{"start":{"line":15,"column":0},"end":{"line":15,"column":30}},"15":{"start":{"line":16,"column":0},"end":{"line":16,"column":26}},"16":{"start":{"line":17,"column":0},"end":{"line":17,"column":5}},"17":{"start":{"line":18,"column":0},"end":{"line":18,"column":47}},"18":{"start":{"line":19,"column":0},"end":{"line":19,"column":66}},"19":{"start":{"line":20,"column":0},"end":{"line":20,"column":41}},"20":{"start":{"line":21,"column":0},"end":{"line":21,"column":20}},"22":{"start":{"line":23,"column":0},"end":{"line":23,"column":10}},"23":{"start":{"line":24,"column":0},"end":{"line":24,"column":80}},"25":{"start":{"line":26,"column":0},"end":{"line":26,"column":2}}},"s":{"0":1,"1":1,"2":1,"3":1,"5":1,"6":2,"7":2,"9":2,"10":0,"11":0,"13":2,"14":2,"15":2,"16":2,"17":2,"18":2,"19":2,"20":2,"22":2,"23":2,"25":2},"branchMap":{"0":{"type":"branch","line":6,"loc":{"start":{"line":6,"column":22},"end":{"line":26,"column":2}},"locations":[{"start":{"line":6,"column":22},"end":{"line":26,"column":2}}]},"1":{"type":"branch","line":24,"loc":{"start":{"line":24,"column":7},"end":{"line":24,"column":77}},"locations":[{"start":{"line":24,"column":7},"end":{"line":24,"column":77}}]},"2":{"type":"branch","line":8,"loc":{"start":{"line":8,"column":41},"end":{"line":8,"column":73}},"locations":[{"start":{"line":8,"column":41},"end":{"line":8,"column":73}}]},"3":{"type":"branch","line":14,"loc":{"start":{"line":14,"column":12},"end":{"line":21,"column":5}},"locations":[{"start":{"line":14,"column":12},"end":{"line":21,"column":5}}]},"4":{"type":"branch","line":18,"loc":{"start":{"line":18,"column":28},"end":{"line":18,"column":47}},"locations":[{"start":{"line":18,"column":28},"end":{"line":18,"column":47}}]},"5":{"type":"branch","line":20,"loc":{"start":{"line":20,"column":11},"end":{"line":20,"column":41}},"locations":[{"start":{"line":20,"column":11},"end":{"line":20,"column":41}}]}},"b":{"0":[2],"1":[1],"2":[5],"3":[2],"4":[0],"5":[2]},"fnMap":{"0":{"name":"Portal","decl":{"start":{"line":6,"column":22},"end":{"
[...]
"end":{"line":175,"column":35}},"175":{"start":{"line":176,"column":0},"end":{"line":176,"column":19}},"176":{"start":{"line":177,"column":0},"end":{"line":177,"column":12}},"177":{"start":{"line":178,"column":0},"end":{"line":178,"column":10}},"178":{"start":{"line":179,"column":0},"end":{"line":179,"column":10}},"180":{"start":{"line":181,"column":0},"end":{"line":181,"column":2}}},"s":{"0":1,"1":5,"2":5,"3":5,"4":5,"5":5,"6":5,"7":5,"8":5,"9":5,"10":5,"11":5,"12":5,"13":5,"14":5,"15":5,"16":5,"17":5,"18":5,"19":5,"20":5,"21":5,"22":5,"23":5,"24":5,"25":5,"26":5,"27":5,"28":5,"29":5,"30":5,"31":5,"32":5,"33":5,"34":5,"35":5,"36":5,"37":5,"38":5,"39":5,"40":5,"41":5,"42":5,"43":5,"44":5,"45":5,"46":5,"47":5,"48":5,"49":5,"50":5,"51":5,"52":5,"53":5,"54":5,"55":5,"56":5,"57":5,"58":5,"59":5,"60":5,"61":5,"62":5,"63":5,"64":5,"65":5,"66":5,"67":5,"68":5,"69":5,"70":5,"71":5,"72":5,"73":5,"74":5,"75":5,"76":5,"77":5,"78":5,"79":5,"80":5,"81":5,"82":5,"83":5,"84":5,"85":5,"86":5,"87":5,"88":5,"89":5,"90":5,"91":5,"92":5,"93":5,"94":5,"95":5,"96":5,"97":5,"98":5,"99":5,"100":5,"101":5,"102":5,"103":5,"104":5,"105":5,"106":5,"107":5,"108":5,"109":5,"110":5,"111":5,"112":5,"113":5,"114":5,"115":5,"116":5,"117":5,"118":5,"119":5,"120":5,"121":5,"122":5,"123":5,"124":5,"125":5,"126":5,"127":5,"128":5,"129":5,"130":5,"131":5,"132":5,"133":5,"134":5,"135":5,"136":5,"137":5,"138":5,"139":5,"140":5,"141":5,"142":5,"143":5,"144":5,"145":5,"146":5,"147":5,"148":5,"149":5,"150":5,"151":5,"152":5,"153":5,"154":5,"155":5,"156":5,"157":5,"158":5,"159":5,"160":5,"161":5,"162":5,"163":5,"164":5,"165":5,"166":5,"167":5,"168":5,"169":5,"170":5,"171":5,"172":5,"173":5,"174":5,"175":5,"176":5,"177":5,"178":5,"180":5},"branchMap":{"0":{"type":"branch","line":1,"loc":{"start":{"line":1,"column":23},"end":{"line":181,"column":2}},"locations":[{"start":{"line":1,"column":23},"end":{"line":181,"column":2}}]}},"b":{"0":[5]},"fnMap":{"0":{"name":"Spinner","decl":{"start":{"line":1,"column":23},"end":{"line":181,"column":2}},"loc":{"start":{"line":1,"column":23},"end":{"line":181,"column":2}},"line":1}},"f":{"0":5}}
,"/Users/maryiavelesiuk/Documents/RSScool_React/rsscool-react/src/components/shared/Spinner/index.ts": {"path":"/Users/maryiavelesiuk/Documents/RSScool_React/rsscool-react/src/components/shared/Spinner/index.ts","all":false,"statementMap":{"0":{"start":{"line":1,"column":0},"end":{"line":1,"column":36}}},"s":{"0":1},"branchMap":{},"b":{},"fnMap":{},"f":{}}
,"/Users/maryiavelesiuk/Documents/RSScool_React/rsscool-react/src/components/shared/Switcher/Switcher.test.tsx": {"path":"/Users/maryiavelesiuk/Documents/RSScool_React/rsscool-react/src/components/shared/Switcher/Switcher.test.tsx","all":false,"statementMap":{"0":{"start":{"line":1,"column":0},"end":{"line":1,"column":46}},"1":{"start":{"line":2,"column":0},"end":{"line":2,"column":29}},"2":{"start":{"line":3,"column":0},"end":{"line":3,"column":67}},"3":{"start":{"line":4,"column":0},"end":{"line":4,"column":57}},"5":{"start":{"line":6,"column":0},"end":{"line":6,"column":36}},"6":{"start":{"line":7,"column":0},"end":{"line":7,"column":38}},"7":{"start":{"line":8,"column":0},"end":{"line":8,"column":11}},"8":{"start":{"line":9,"column":0},"end":{"line":9,"column":28}},"9":{"start":{"line":10,"column":0},"end":{"line":10,"column":20}},"10":{"start":{"line":11,"column":0},"end":{"line":11,"column":29}},"11":{"start":{"line":12,"column":0},"end":{"line":12,"column":6}},"12":{"start":{"line":13,"column":0},"end":{"line":13,"column":61}},"13":{"start":{"line":14,"column":0},"end":{"line":14,"column":5}},"14":{"start":{"line":15,"column":0},"end":{"line":15,"column":75}},"15":{"start":{"line":16,"column":0},"end":{"line":16,"column":11}},"16":{"start":{"line":17,"column":0},"end":{"line":17,"column":28}},"17":{"start":{"line":18,"column":0},"end":{"line":18,"column":20}},"18":{"start":{"line":19,"column":0},"end":{"line":19,"column":29}},"19":{"start":{"line":20,"column":0},"end":{"line":20,"column":6}},"20":{"start":{"line":21,"column":0},"end":{"line":21,"column":50}},"21":{"start":{"line":22,"column":0},"end":{"line":22,"column":30}},"22":{"start":{"line":23,"column":0},"end":{"line":23,"column":35}},"23":{"start":{"line":24,"column":0},"end":{"line":24,"column":30}},"24":{"start":{"line":25,"column":0},"end":{"line":25,"column":39}},"25":{"start":{"line":26,"column":0},"end":{"line":26,"column":5}},"26":{"start":{"line":27,"column":0},"end":{"line":27,"column":3}}},"s":{"0":1,"1":1,"2":1,"3":1,"5":1,"6":1,"7":1,"8":1,"9":1,"10":1,"11":1,"12":1,"13":1,"14":1,"15":1,"16":1,"17":1,"18":1,"19":1,"20":1,"21":1,"22":1,"23":1,"24":1,"25":1,"26":1},"branchMap":{"0":{"type":"branch","line":6,"loc":{"start":{"line":6,"column":29},"end":{"line":27,"column":3}},"locations":[{"start":{"line":6,"column":29},"end":{"line":27,"column":3}}]},"1":{"type":"branch","line":7,"loc":{"start":{"line":7,"column":31},"end":{"line":14,"column":3}},"locations":[{"start":{"line":7,"column":31},"end":{"line":14,"column":3}}]},"2":{"type":"branch","line":15,"loc":{"start":{"line":15,"column":68},"end":{"line":26,"column":3}},"locations":[{"start":{"line":15,"column":68},"end":{"line":26,"column":3}}]}},"b":{"0":[1],"1":[1],"2":[1]},"fnMap":{},"f":{}}
,"/Users/maryiavelesiuk/Documents/RSScool_React/rsscool-react/src/components/shared/Switcher/Switcher.tsx": {"path":"/Users/maryiavelesiuk/Documents/RSScool_React/rsscool-react/src/components/shared/Switcher/Switcher.tsx","all":false,"statementMap":{"0":{"start":{"line":1,"column":0},"end":{"line":1,"column":36}},"1":{"start":{"line":2,"column":0},"end":{"line":2,"column":65}},"2":{"start":{"line":3,"column":0},"end":{"line":3,"column":43}},"4":{"start":{"line":5,"column":0},"end":{"line":5,"column":31}},"5":{"start":{"line":6,"column":0},"end":{"line":6,"column":41}},"7":{"start":{"line":8,"column":0},"end":{"line":8,"column":61}},"8":{"start":{"line":9,"column":0},"end":{"line":9,"column":27}},"9":{"start":{"line":10,"column":0},"end":{"line":10,"column":23}},"10":{"start":{"line":11,"column":0},"end":{"line":11,"column":12}},"11":{"start":{"line":12,"column":0},"end":{"line":12,"column":24}},"12":{"start":{"line":13,"column":0},"end":{"line":13,"column":5}},"13":{"start":{"line":14,"column":0},"end":{"line":14,"column":4}},"15":{"start":{"line":16,"column":0},"end":{"line":16,"column":10}},"16":{"start":{"line":17,"column":0},"end":{"line":17,"column":37}},"17":{"start":{"line":18,"column":0},"end":{"line":18,"column":54}},"18":{"start":{"line":19,"column":0},"end":{"line":19,"column":40}},"19":{"start":{"line":20,"column":0},"end":{"line":20,"column":12}},"21":{"start":{"line":22,"column":0},"end":{"line":22,"column":2}}},"s":{"0":1,"1":1,"2":1,"4":1,"5":5,"7":5,"8":2,"9":1,"10":1,"11":1,"12":1,"13":2,"15":5,"16":5,"17":5,"18":5,"19":5,"21":5},"branchMap":{"0":{"type":"branch","line":5,"loc":{"start":{"line":5,"column":24},"end":{"line":22,"column":2}},"locations":[{"start":{"line":5,"column":24},"end":{"line":22,"column":2}}]},"1":{"type":"branch","line":8,"loc":{"start":{"line":8,"column":22},"end":{"line":14,"column":4}},"locations":[{"start":{"line":8,"column":22},"end":{"line":14,"column":4}}]},"2":{"type":"branch","line":9,"loc":{"start":{"line":9,"column":26},"end":{"line":13,"column":5}},"locations":[{"start":{"line":9,"column":26},"end":{"line":13,"column":5}}]}},"b":{"0":[5],"1":[2],"2":[1]},"fnMap":{"0":{"name":"Switcher","decl":{"start":{"line":5,"column":24},"end":{"line":22,"column":2}},"loc":{"start":{"line":5,"column":24},"end":{"line":22,"column":2}},"line":5},"1":{"name":"toggleTheme","decl":{"start":{"line":8,"column":22},"end":{"line":14,"column":4}},"loc":{"start":{"line":8,"column":22},"end":{"line":14,"column":4}},"line":8}},"f":{"0":5,"1":2}}
,"/Users/maryiavelesiuk/Documents/RSScool_React/rsscool-react/src/components/shared/Switcher/index.ts": {"path":"/Users/maryiavelesiuk/Documents/RSScool_React/rsscool-react/src/components/shared/Switcher/index.ts","all":false,"statementMap":{"0":{"start":{"line":1,"column":0},"end":{"line":1,"column":38}}},"s":{"0":1},"branchMap":{},"b":{},"fnMap":{},"f":{}}
,"/Users/maryiavelesiuk/Documents/RSScool_React/rsscool-react/src/redux/hooks.ts": {"path":"/Users/maryiavelesiuk/Documents/RSScool_React/rsscool-react/src/redux/hooks.ts","all":false,"statementMap":{"0":{"start":{"line":1,"column":0},"end":{"line":1,"column":56}},"1":{"start":{"line":2,"column":0},"end":{"line":2,"column":55}},"4":{"start":{"line":5,"column":0},"end":{"line":5,"column":61}},"5":{"start":{"line":6,"column":0},"end":{"line":6,"column":75}}},"s":{"0":1,"1":1,"4":1,"5":1},"branchMap":{},"b":{},"fnMap":{},"f":{}}
,"/Users/maryiavelesiuk/Documents/RSScool_React/rsscool-react/src/redux/store.ts": {"path":"/Users/maryiavelesiuk/Documents/RSScool_React/rsscool-react/src/redux/store.ts","all":false,"statementMap":{"0":{"start":{"line":1,"column":0},"end":{"line":1,"column":67}},"1":{"start":{"line":2,"column":0},"end":{"line":2,"column":46}},"2":{"start":{"line":3,"column":0},"end":{"line":3,"column":56}},"3":{"start":{"line":4,"column":0},"end":{"line":4,"column":62}},"5":{"start":{"line":6,"column":0},"end":{"line":6,"column":44}},"6":{"start":{"line":7,"column":0},"end":{"line":7,"column":36}},"7":{"start":{"line":8,"column":0},"end":{"line":8,"column":42}},"8":{"start":{"line":9,"column":0},"end":{"line":9,"column":47}},"9":{"start":{"line":10,"column":0},"end":{"line":10,"column":3}},"11":{"start":{"line":12,"column":0},"end":{"line":12,"column":37}},"12":{"start":{"line":13,"column":0},"end":{"line":13,"column":23}},"13":{"start":{"line":14,"column":0},"end":{"line":14,"column":59}},"14":{"start":{"line":15,"column":0},"end":{"line":15,"column":3}}},"s":{"0":1,"1":1,"2":1,"3":1,"5":1,"6":1,"7":1,"8":1,"9":1,"11":1,"12":1,"13":1,"14":1},"branchMap":{"0":{"type":"branch","line":14,"loc":{"start":{"line":14,"column":14},"end":{"line":14,"column":59}},"locations":[{"start":{"line":14,"column":14},"end":{"line":14,"column":59}}]}},"b":{"0":[7]},"fnMap":{"0":{"name":"middleware","decl":{"start":{"line":14,"column":14},"end":{"line":14,"column":59}},"loc":{"start":{"line":14,"column":14},"end":{"line":14,"column":59}},"line":14}},"f":{"0":7}}
,"/Users/maryiavelesiuk/Documents/RSScool_React/rsscool-react/src/redux/api/planetsApi.ts": {"path":"/Users/maryiavelesiuk/Documents/RSScool_React/rsscool-react/src/redux/api/planetsApi.ts","all":false,"statementMap":{"0":{"start":{"line":1,"column":0},"end":{"line":1,"column":73}},"3":{"start":{"line":4,"column":0},"end":{"line":4,"column":37}},"4":{"start":{"line":5,"column":0},"end":{"line":5,"column":28}},"5":{"start":{"line":6,"column":0},"end":{"line":6,"column":74}},"6":{"start":{"line":7,"column":0},"end":{"line":7,"column":28}},"7":{"start":{"line":8,"column":0},"end":{"line":8,"column":55}},"8":{"start":{"line":9,"column":0},"end":{"line":9,"column":40}},"9":{"start":{"line":10,"column":0},"end":{"line":10,"column":7}},"10":{"start":{"line":11,"column":0},"end":{"line":11,"column":68}},"11":{"start":{"line":12,"column":0},"end":{"line":12,"column":56}},"12":{"start":{"line":13,"column":0},"end":{"line":13,"column":7}},"13":{"start":{"line":14,"column":0},"end":{"line":14,"column":5}},"14":{"start":{"line":15,"column":0},"end":{"line":15,"column":3}},"16":{"start":{"line":17,"column":0},"end":{"line":17,"column":70}},"17":{"start":{"line":18,"column":0},"end":{"line":18,"column":13}}},"s":{"0":1,"3":1,"4":1,"5":1,"6":1,"7":7,"8":7,"9":7,"10":7,"11":7,"12":7,"13":7,"14":1,"16":1,"17":1},"branchMap":{"0":{"type":"branch","line":7,"loc":{"start":{"line":7,"column":13},"end":{"line":14,"column":5}},"locations":[{"start":{"line":7,"column":13},"end":{"line":14,"column":5}}]},"1":{"type":"branch","line":9,"loc":{"start":{"line":9,"column":13},"end":{"line":9,"column":40}},"locations":[{"start":{"line":9,"column":13},"end":{"line":9,"column":40}}]}},"b":{"0":[7],"1":[2]},"fnMap":{"0":{"name":"endpoints","decl":{"start":{"line":7,"column":13},"end":{"line":14,"column":5}},"loc":{"start":{"line":7,"column":13},"end":{"line":14,"column":5}},"line":7},"1":{"name":"query","decl":{"start":{"line":9,"column":13},"end":{"line":9,"column":40}},"loc":{"start":{"line":9,"column":13},"end":{"line":9,"column":40}},"line":9},"2":{"name":"query","decl":{"start":{"line":12,"column":13},"end":{"line":12,"column":56}},"loc":{"start":{"line":12,"column":13},"end":{"line":12,"column":56}},"line":12}},"f":{"0":7,"1":2,"2":0}}
,"/Users/maryiavelesiuk/Documents/RSScool_React/rsscool-react/src/redux/slices/selectedPage.ts": {"path":"/Users/maryiavelesiuk/Documents/RSScool_React/rsscool-react/src/redux/slices/selectedPage.ts","all":false,"statementMap":{"0":{"start":{"line":1,"column":0},"end":{"line":1,"column":62}},"6":{"start":{"line":7,"column":0},"end":{"line":7,"column":34}},"7":{"start":{"line":8,"column":0},"end":{"line":8,"column":18}},"8":{"start":{"line":9,"column":0},"end":{"line":9,"column":2}},"10":{"start":{"line":11,"column":0},"end":{"line":11,"column":34}},"11":{"start":{"line":12,"column":0},"end":{"line":12,"column":23}},"12":{"start":{"line":13,"column":0},"end":{"line":13,"column":15}},"13":{"start":{"line":14,"column":0},"end":{"line":14,"column":13}},"14":{"start":{"line":15,"column":0},"end":{"line":15,"column":51}},"15":{"start":{"line":16,"column":0},"end":{"line":16,"column":42}},"16":{"start":{"line":17,"column":0},"end":{"line":17,"column":6}},"17":{"start":{"line":18,"column":0},"end":{"line":18,"column":4}},"18":{"start":{"line":19,"column":0},"end":{"line":19,"column":3}},"20":{"start":{"line":21,"column":0},"end":{"line":21,"column":42}},"22":{"start":{"line":23,"column":0},"end":{"line":23,"column":35}},"24":{"start":{"line":25,"column":0},"end":{"line":25,"column":23}}},"s":{"0":1,"6":1,"7":1,"8":1,"10":1,"11":1,"12":1,"13":1,"14":1,"15":1,"16":1,"17":1,"18":1,"20":1,"22":1,"24":1},"branchMap":{"0":{"type":"branch","line":15,"loc":{"start":{"line":15,"column":4},"end":{"line":17,"column":6}},"locations":[{"start":{"line":15,"column":4},"end":{"line":17,"column":6}}]}},"b":{"0":[1]},"fnMap":{"0":{"name":"setPage","decl":{"start":{"line":15,"column":4},"end":{"line":17,"column":6}},"loc":{"start":{"line":15,"column":4},"end":{"line":17,"column":6}},"line":15}},"f":{"0":1}}
,"/Users/maryiavelesiuk/Documents/RSScool_React/rsscool-react/src/redux/slices/selectedPlanets.ts": {"path":"/Users/maryiavelesiuk/Documents/RSScool_React/rsscool-react/src/redux/slices/selectedPlanets.ts","all":false,"statementMap":{"0":{"start":{"line":1,"column":0},"end":{"line":1,"column":62}},"8":{"start":{"line":9,"column":0},"end":{"line":9,"column":34}},"9":{"start":{"line":10,"column":0},"end":{"line":10,"column":18}},"10":{"start":{"line":11,"column":0},"end":{"line":11,"column":18}},"11":{"start":{"line":12,"column":0},"end":{"line":12,"column":2}},"13":{"start":{"line":14,"column":0},"end":{"line":14,"column":37}},"14":{"start":{"line":15,"column":0},"end":{"line":15,"column":26}},"15":{"start":{"line":16,"column":0},"end":{"line":16,"column":15}},"16":{"start":{"line":17,"column":0},"end":{"line":17,"column":13}},"17":{"start":{"line":18,"column":0},"end":{"line":18,"column":53}},"18":{"start":{"line":19,"column":0},"end":{"line":19,"column":50}},"19":{"start":{"line":20,"column":0},"end":{"line":20,"column":45}},"20":{"start":{"line":21,"column":0},"end":{"line":21,"column":6}},"21":{"start":{"line":22,"column":0},"end":{"line":22,"column":56}},"22":{"start":{"line":23,"column":0},"end":{"line":23,"column":51}},"23":{"start":{"line":24,"column":0},"end":{"line":24,"column":45}},"24":{"start":{"line":25,"column":0},"end":{"line":25,"column":8}},"25":{"start":{"line":26,"column":0},"end":{"line":26,"column":51}},"26":{"start":{"line":27,"column":0},"end":{"line":27,"column":50}},"27":{"start":{"line":28,"column":0},"end":{"line":28,"column":8}},"28":{"start":{"line":29,"column":0},"end":{"line":29,"column":6}},"29":{"start":{"line":30,"column":0},"end":{"line":30,"column":24}},"30":{"start":{"line":31,"column":0},"end":{"line":31,"column":29}},"31":{"start":{"line":32,"column":0},"end":{"line":32,"column":29}},"32":{"start":{"line":33,"column":0},"end":{"line":33,"column":6}},"33":{"start":{"line":34,"column":0},"end":{"line":34,"column":4}},"34":{"start":{"line":35,"column":0},"end":{"line":35,"column":3}},"36":{"start":{"line":37,"column":0},"end":{"line":37,"column":45}},"38":{"start":{"line":39,"column":0},"end":{"line":39,"column":64}},"40":{"start":{"line":41,"column":0},"end":{"line":41,"column":23}}},"s":{"0":1,"8":1,"9":1,"10":1,"11":1,"13":1,"14":1,"15":1,"16":1,"17":1,"18":1,"19":1,"20":1,"21":1,"22":0,"23":0,"24":0,"25":0,"26":0,"27":0,"28":0,"29":1,"30":0,"31":0,"32":0,"33":1,"34":1,"36":1,"38":1,"40":1},"branchMap":{"0":{"type":"branch","line":18,"loc":{"start":{"line":18,"column":4},"end":{"line":21,"column":6}},"locations":[{"start":{"line":18,"column":4},"end":{"line":21,"column":6}}]}},"b":{"0":[1]},"fnMap":{"0":{"name":"addPlanet","decl":{"start":{"line":18,"column":4},"end":{"line":21,"column":6}},"loc":{"start":{"line":18,"column":4},"end":{"line":21,"column":6}},"line":18},"1":{"name":"removePlanet","decl":{"start":{"line":22,"column":4},"end":{"line":29,"column":6}},"loc":{"start":{"line":22,"column":4},"end":{"line":29,"column":6}},"line":22},"2":{"name":"unselectAll","decl":{"start":{"line":30,"column":4},"end":{"line":33,"column":6}},"loc":{"start":{"line":30,"column":4},"end":{"line":33,"column":6}},"line":30}},"f":{"0":1,"1":0,"2":0}}
,"/Users/maryiavelesiuk/Documents/RSScool_React/rsscool-react/src/utils/loader.ts": {"path":"/Users/maryiavelesiuk/Documents/RSScool_React/rsscool-react/src/utils/loader.ts","all":true,"statementMap":{"0":{"start":{"line":1,"column":0},"end":{"line":1,"column":63}},"1":{"start":{"line":2,"column":0},"end":{"line":2,"column":33}},"2":{"start":{"line":3,"column":0},"end":{"line":3,"column":65}},"3":{"start":{"line":4,"column":0},"end":{"line":4,"column":4}},"4":{"start":{"line":5,"column":0},"end":{"line":5,"column":27}},"5":{"start":{"line":6,"column":0},"end":{"line":6,"column":1}}},"s":{"0":0,"1":0,"2":0,"3":0,"4":0,"5":0},"branchMap":{"0":{"type":"branch","line":1,"loc":{"start":{"line":1,"column":198},"end":{"line":6,"column":1}},"locations":[{"start":{"line":1,"column":198},"end":{"line":6,"column":1}}]}},"b":{"0":[0]},"fnMap":{"0":{"name":"(empty-report)","decl":{"start":{"line":1,"column":198},"end":{"line":6,"column":1}},"loc":{"start":{"line":1,"column":198},"end":{"line":6,"column":1}},"line":1}},"f":{"0":0}}
,"/Users/maryiavelesiuk/Documents/RSScool_React/rsscool-react/src/utils/useThemeContext.ts": {"path":"/Users/maryiavelesiuk/Documents/RSScool_React/rsscool-react/src/utils/useThemeContext.ts","all":false,"statementMap":{"0":{"start":{"line":1,"column":0},"end":{"line":1,"column":35}},"1":{"start":{"line":2,"column":0},"end":{"line":2,"column":47}},"3":{"start":{"line":4,"column":0},"end":{"line":4,"column":38}},"4":{"start":{"line":5,"column":0},"end":{"line":5,"column":43}},"5":{"start":{"line":6,"column":0},"end":{"line":6,"column":17}},"6":{"start":{"line":7,"column":0},"end":{"line":7,"column":71}},"7":{"start":{"line":8,"column":0},"end":{"line":8,"column":3}},"9":{"start":{"line":10,"column":0},"end":{"line":10,"column":17}},"10":{"start":{"line":11,"column":0},"end":{"line":11,"column":2}}},"s":{"0":1,"1":1,"3":1,"4":13,"5":13,"6":0,"7":0,"9":13,"10":13},"branchMap":{"0":{"type":"branch","line":4,"loc":{"start":{"line":4,"column":31},"end":{"line":11,"column":2}},"locations":[{"start":{"line":4,"column":31},"end":{"line":11,"column":2}}]},"1":{"type":"branch","line":6,"loc":{"start":{"line":6,"column":16},"end":{"line":8,"column":3}},"locations":[{"start":{"line":6,"column":16},"end":{"line":8,"column":3}}]}},"b":{"0":[13],"1":[0]},"fnMap":{"0":{"name":"useThemeContext","decl":{"start":{"line":4,"column":31},"end":{"line":11,"column":2}},"loc":{"start":{"line":4,"column":31},"end":{"line":11,"column":2}},"line":4}},"f":{"0":13}}
}
